[2022-06-26 07:12:38,508] {processor.py:153} INFO - Started process (PID=82) to work on /home/airflow/.local/lib/python3.7/site-packages/airflow/example_dags/example_task_group.py
[2022-06-26 07:12:38,509] {processor.py:641} INFO - Processing file /home/airflow/.local/lib/python3.7/site-packages/airflow/example_dags/example_task_group.py for tasks to queue
[2022-06-26 07:12:38,514] {logging_mixin.py:115} INFO - [2022-06-26 07:12:38,513] {dagbag.py:507} INFO - Filling up the DagBag from /home/airflow/.local/lib/python3.7/site-packages/airflow/example_dags/example_task_group.py
[2022-06-26 07:12:38,538] {processor.py:651} INFO - DAG(s) dict_keys(['example_task_group']) retrieved from /home/airflow/.local/lib/python3.7/site-packages/airflow/example_dags/example_task_group.py
[2022-06-26 07:12:39,615] {logging_mixin.py:115} INFO - [2022-06-26 07:12:39,615] {manager.py:508} INFO - Created Permission View: can delete on DAG:example_task_group
[2022-06-26 07:12:39,656] {logging_mixin.py:115} INFO - [2022-06-26 07:12:39,656] {manager.py:508} INFO - Created Permission View: can read on DAG:example_task_group
[2022-06-26 07:12:39,695] {logging_mixin.py:115} INFO - [2022-06-26 07:12:39,694] {manager.py:508} INFO - Created Permission View: can edit on DAG:example_task_group
[2022-06-26 07:12:39,695] {logging_mixin.py:115} INFO - [2022-06-26 07:12:39,695] {dag.py:2379} INFO - Sync 1 DAGs
[2022-06-26 07:12:39,756] {logging_mixin.py:115} INFO - [2022-06-26 07:12:39,756] {dag.py:2398} INFO - Creating ORM DAG for example_task_group
[2022-06-26 07:12:39,824] {logging_mixin.py:115} INFO - [2022-06-26 07:12:39,823] {dag.py:2927} INFO - Setting next_dagrun for example_task_group to 2022-06-25T07:12:39.823461+00:00, run_after=2022-06-26T07:12:39.823461+00:00
[2022-06-26 07:12:39,902] {processor.py:161} INFO - Processing /home/airflow/.local/lib/python3.7/site-packages/airflow/example_dags/example_task_group.py took 1.400 seconds
[2022-06-26 07:13:21,735] {processor.py:153} INFO - Started process (PID=135) to work on /home/airflow/.local/lib/python3.7/site-packages/airflow/example_dags/example_task_group.py
[2022-06-26 07:13:21,774] {processor.py:641} INFO - Processing file /home/airflow/.local/lib/python3.7/site-packages/airflow/example_dags/example_task_group.py for tasks to queue
[2022-06-26 07:13:21,775] {logging_mixin.py:115} INFO - [2022-06-26 07:13:21,775] {dagbag.py:507} INFO - Filling up the DagBag from /home/airflow/.local/lib/python3.7/site-packages/airflow/example_dags/example_task_group.py
[2022-06-26 07:13:21,821] {processor.py:651} INFO - DAG(s) dict_keys(['example_task_group']) retrieved from /home/airflow/.local/lib/python3.7/site-packages/airflow/example_dags/example_task_group.py
[2022-06-26 07:13:22,160] {logging_mixin.py:115} INFO - [2022-06-26 07:13:22,160] {dag.py:2379} INFO - Sync 1 DAGs
[2022-06-26 07:13:23,576] {logging_mixin.py:115} INFO - [2022-06-26 07:13:23,576] {dag.py:2927} INFO - Setting next_dagrun for example_task_group to 2022-06-25T07:13:23.576204+00:00, run_after=2022-06-26T07:13:23.576204+00:00
[2022-06-26 07:13:23,696] {processor.py:161} INFO - Processing /home/airflow/.local/lib/python3.7/site-packages/airflow/example_dags/example_task_group.py took 1.977 seconds
[2022-06-26 07:13:54,406] {processor.py:153} INFO - Started process (PID=188) to work on /home/airflow/.local/lib/python3.7/site-packages/airflow/example_dags/example_task_group.py
[2022-06-26 07:13:54,408] {processor.py:641} INFO - Processing file /home/airflow/.local/lib/python3.7/site-packages/airflow/example_dags/example_task_group.py for tasks to queue
[2022-06-26 07:13:54,410] {logging_mixin.py:115} INFO - [2022-06-26 07:13:54,410] {dagbag.py:507} INFO - Filling up the DagBag from /home/airflow/.local/lib/python3.7/site-packages/airflow/example_dags/example_task_group.py
[2022-06-26 07:13:54,426] {processor.py:651} INFO - DAG(s) dict_keys(['example_task_group']) retrieved from /home/airflow/.local/lib/python3.7/site-packages/airflow/example_dags/example_task_group.py
[2022-06-26 07:13:54,498] {logging_mixin.py:115} INFO - [2022-06-26 07:13:54,498] {dag.py:2379} INFO - Sync 1 DAGs
[2022-06-26 07:13:54,721] {logging_mixin.py:115} INFO - [2022-06-26 07:13:54,721] {dag.py:2927} INFO - Setting next_dagrun for example_task_group to 2022-06-25T07:13:54.720868+00:00, run_after=2022-06-26T07:13:54.720868+00:00
[2022-06-26 07:13:54,737] {processor.py:161} INFO - Processing /home/airflow/.local/lib/python3.7/site-packages/airflow/example_dags/example_task_group.py took 0.344 seconds
