[2022-06-26 07:12:43,438] {processor.py:153} INFO - Started process (PID=88) to work on /home/airflow/.local/lib/python3.7/site-packages/airflow/example_dags/example_subdag_operator.py
[2022-06-26 07:12:43,441] {processor.py:641} INFO - Processing file /home/airflow/.local/lib/python3.7/site-packages/airflow/example_dags/example_subdag_operator.py for tasks to queue
[2022-06-26 07:12:43,456] {logging_mixin.py:115} INFO - [2022-06-26 07:12:43,455] {dagbag.py:507} INFO - Filling up the DagBag from /home/airflow/.local/lib/python3.7/site-packages/airflow/example_dags/example_subdag_operator.py
[2022-06-26 07:12:43,667] {processor.py:651} INFO - DAG(s) dict_keys(['example_subdag_operator.section-1', 'example_subdag_operator.section-2', 'example_subdag_operator']) retrieved from /home/airflow/.local/lib/python3.7/site-packages/airflow/example_dags/example_subdag_operator.py
[2022-06-26 07:12:44,844] {logging_mixin.py:115} INFO - [2022-06-26 07:12:44,843] {manager.py:508} INFO - Created Permission View: can delete on DAG:example_subdag_operator
[2022-06-26 07:12:44,896] {logging_mixin.py:115} INFO - [2022-06-26 07:12:44,895] {manager.py:508} INFO - Created Permission View: can read on DAG:example_subdag_operator
[2022-06-26 07:12:44,919] {logging_mixin.py:115} INFO - [2022-06-26 07:12:44,918] {manager.py:508} INFO - Created Permission View: can edit on DAG:example_subdag_operator
[2022-06-26 07:12:44,919] {logging_mixin.py:115} INFO - [2022-06-26 07:12:44,919] {dag.py:2379} INFO - Sync 3 DAGs
[2022-06-26 07:12:45,017] {logging_mixin.py:115} INFO - [2022-06-26 07:12:45,017] {dag.py:2398} INFO - Creating ORM DAG for example_subdag_operator.section-1
[2022-06-26 07:12:45,020] {logging_mixin.py:115} INFO - [2022-06-26 07:12:45,019] {dag.py:2398} INFO - Creating ORM DAG for example_subdag_operator.section-2
[2022-06-26 07:12:45,022] {logging_mixin.py:115} INFO - [2022-06-26 07:12:45,022] {dag.py:2398} INFO - Creating ORM DAG for example_subdag_operator
[2022-06-26 07:12:45,214] {logging_mixin.py:115} INFO - [2022-06-26 07:12:45,214] {dag.py:2927} INFO - Setting next_dagrun for example_subdag_operator to 2022-06-24T00:00:00+00:00, run_after=2022-06-24T00:00:00+00:00
[2022-06-26 07:12:45,215] {logging_mixin.py:115} INFO - [2022-06-26 07:12:45,215] {dag.py:2927} INFO - Setting next_dagrun for example_subdag_operator.section-1 to None, run_after=None
[2022-06-26 07:12:45,216] {logging_mixin.py:115} INFO - [2022-06-26 07:12:45,216] {dag.py:2927} INFO - Setting next_dagrun for example_subdag_operator.section-2 to None, run_after=None
[2022-06-26 07:12:45,435] {logging_mixin.py:115} INFO - [2022-06-26 07:12:45,434] {dag.py:2379} INFO - Sync 2 DAGs
[2022-06-26 07:12:45,498] {logging_mixin.py:115} INFO - [2022-06-26 07:12:45,498] {dag.py:2927} INFO - Setting next_dagrun for example_subdag_operator.section-1 to None, run_after=None
[2022-06-26 07:12:45,515] {logging_mixin.py:115} INFO - [2022-06-26 07:12:45,515] {dag.py:2927} INFO - Setting next_dagrun for example_subdag_operator.section-2 to None, run_after=None
[2022-06-26 07:12:45,596] {processor.py:161} INFO - Processing /home/airflow/.local/lib/python3.7/site-packages/airflow/example_dags/example_subdag_operator.py took 2.172 seconds
[2022-06-26 07:13:29,921] {processor.py:153} INFO - Started process (PID=151) to work on /home/airflow/.local/lib/python3.7/site-packages/airflow/example_dags/example_subdag_operator.py
[2022-06-26 07:13:29,960] {processor.py:641} INFO - Processing file /home/airflow/.local/lib/python3.7/site-packages/airflow/example_dags/example_subdag_operator.py for tasks to queue
[2022-06-26 07:13:29,961] {logging_mixin.py:115} INFO - [2022-06-26 07:13:29,961] {dagbag.py:507} INFO - Filling up the DagBag from /home/airflow/.local/lib/python3.7/site-packages/airflow/example_dags/example_subdag_operator.py
[2022-06-26 07:13:30,476] {processor.py:651} INFO - DAG(s) dict_keys(['example_subdag_operator.section-1', 'example_subdag_operator.section-2', 'example_subdag_operator']) retrieved from /home/airflow/.local/lib/python3.7/site-packages/airflow/example_dags/example_subdag_operator.py
[2022-06-26 07:13:30,696] {logging_mixin.py:115} INFO - [2022-06-26 07:13:30,696] {dag.py:2379} INFO - Sync 3 DAGs
[2022-06-26 07:13:32,479] {logging_mixin.py:115} INFO - [2022-06-26 07:13:32,479] {dag.py:2927} INFO - Setting next_dagrun for example_subdag_operator to 2022-06-24T00:00:00+00:00, run_after=2022-06-24T00:00:00+00:00
[2022-06-26 07:13:32,480] {logging_mixin.py:115} INFO - [2022-06-26 07:13:32,480] {dag.py:2927} INFO - Setting next_dagrun for example_subdag_operator.section-1 to None, run_after=None
[2022-06-26 07:13:32,495] {logging_mixin.py:115} INFO - [2022-06-26 07:13:32,495] {dag.py:2927} INFO - Setting next_dagrun for example_subdag_operator.section-2 to None, run_after=None
[2022-06-26 07:13:32,634] {logging_mixin.py:115} INFO - [2022-06-26 07:13:32,634] {dag.py:2379} INFO - Sync 2 DAGs
[2022-06-26 07:13:32,737] {logging_mixin.py:115} INFO - [2022-06-26 07:13:32,737] {dag.py:2927} INFO - Setting next_dagrun for example_subdag_operator.section-1 to None, run_after=None
[2022-06-26 07:13:32,754] {logging_mixin.py:115} INFO - [2022-06-26 07:13:32,753] {dag.py:2927} INFO - Setting next_dagrun for example_subdag_operator.section-2 to None, run_after=None
[2022-06-26 07:13:32,934] {processor.py:161} INFO - Processing /home/airflow/.local/lib/python3.7/site-packages/airflow/example_dags/example_subdag_operator.py took 3.037 seconds
[2022-06-26 07:14:03,198] {processor.py:153} INFO - Started process (PID=204) to work on /home/airflow/.local/lib/python3.7/site-packages/airflow/example_dags/example_subdag_operator.py
[2022-06-26 07:14:03,199] {processor.py:641} INFO - Processing file /home/airflow/.local/lib/python3.7/site-packages/airflow/example_dags/example_subdag_operator.py for tasks to queue
[2022-06-26 07:14:03,201] {logging_mixin.py:115} INFO - [2022-06-26 07:14:03,200] {dagbag.py:507} INFO - Filling up the DagBag from /home/airflow/.local/lib/python3.7/site-packages/airflow/example_dags/example_subdag_operator.py
[2022-06-26 07:14:03,383] {processor.py:651} INFO - DAG(s) dict_keys(['example_subdag_operator.section-1', 'example_subdag_operator.section-2', 'example_subdag_operator']) retrieved from /home/airflow/.local/lib/python3.7/site-packages/airflow/example_dags/example_subdag_operator.py
[2022-06-26 07:14:03,468] {logging_mixin.py:115} INFO - [2022-06-26 07:14:03,468] {dag.py:2379} INFO - Sync 3 DAGs
[2022-06-26 07:14:03,687] {logging_mixin.py:115} INFO - [2022-06-26 07:14:03,687] {dag.py:2927} INFO - Setting next_dagrun for example_subdag_operator to 2022-06-24T00:00:00+00:00, run_after=2022-06-24T00:00:00+00:00
[2022-06-26 07:14:03,687] {logging_mixin.py:115} INFO - [2022-06-26 07:14:03,687] {dag.py:2927} INFO - Setting next_dagrun for example_subdag_operator.section-1 to None, run_after=None
[2022-06-26 07:14:03,687] {logging_mixin.py:115} INFO - [2022-06-26 07:14:03,687] {dag.py:2927} INFO - Setting next_dagrun for example_subdag_operator.section-2 to None, run_after=None
[2022-06-26 07:14:03,694] {logging_mixin.py:115} INFO - [2022-06-26 07:14:03,694] {dag.py:2379} INFO - Sync 2 DAGs
[2022-06-26 07:14:03,700] {logging_mixin.py:115} INFO - [2022-06-26 07:14:03,700] {dag.py:2927} INFO - Setting next_dagrun for example_subdag_operator.section-1 to None, run_after=None
[2022-06-26 07:14:03,701] {logging_mixin.py:115} INFO - [2022-06-26 07:14:03,701] {dag.py:2927} INFO - Setting next_dagrun for example_subdag_operator.section-2 to None, run_after=None
[2022-06-26 07:14:03,709] {processor.py:161} INFO - Processing /home/airflow/.local/lib/python3.7/site-packages/airflow/example_dags/example_subdag_operator.py took 0.531 seconds
