[2022-06-26 07:12:30,536] {processor.py:153} INFO - Started process (PID=75) to work on /home/airflow/.local/lib/python3.7/site-packages/airflow/example_dags/example_kubernetes_executor.py
[2022-06-26 07:12:30,554] {processor.py:641} INFO - Processing file /home/airflow/.local/lib/python3.7/site-packages/airflow/example_dags/example_kubernetes_executor.py for tasks to queue
[2022-06-26 07:12:30,556] {logging_mixin.py:115} INFO - [2022-06-26 07:12:30,556] {dagbag.py:507} INFO - Filling up the DagBag from /home/airflow/.local/lib/python3.7/site-packages/airflow/example_dags/example_kubernetes_executor.py
[2022-06-26 07:12:30,899] {processor.py:651} INFO - DAG(s) dict_keys(['example_kubernetes_executor']) retrieved from /home/airflow/.local/lib/python3.7/site-packages/airflow/example_dags/example_kubernetes_executor.py
[2022-06-26 07:12:32,616] {logging_mixin.py:115} INFO - [2022-06-26 07:12:32,616] {manager.py:508} INFO - Created Permission View: can delete on DAG:example_kubernetes_executor
[2022-06-26 07:12:32,642] {logging_mixin.py:115} INFO - [2022-06-26 07:12:32,642] {manager.py:508} INFO - Created Permission View: can read on DAG:example_kubernetes_executor
[2022-06-26 07:12:32,725] {logging_mixin.py:115} INFO - [2022-06-26 07:12:32,725] {manager.py:508} INFO - Created Permission View: can edit on DAG:example_kubernetes_executor
[2022-06-26 07:12:32,725] {logging_mixin.py:115} INFO - [2022-06-26 07:12:32,725] {dag.py:2379} INFO - Sync 1 DAGs
[2022-06-26 07:12:32,815] {logging_mixin.py:115} INFO - [2022-06-26 07:12:32,815] {dag.py:2398} INFO - Creating ORM DAG for example_kubernetes_executor
[2022-06-26 07:12:32,959] {logging_mixin.py:115} INFO - [2022-06-26 07:12:32,958] {dag.py:2927} INFO - Setting next_dagrun for example_kubernetes_executor to None, run_after=None
[2022-06-26 07:12:33,178] {processor.py:161} INFO - Processing /home/airflow/.local/lib/python3.7/site-packages/airflow/example_dags/example_kubernetes_executor.py took 2.664 seconds
[2022-06-26 07:13:13,355] {processor.py:153} INFO - Started process (PID=128) to work on /home/airflow/.local/lib/python3.7/site-packages/airflow/example_dags/example_kubernetes_executor.py
[2022-06-26 07:13:13,374] {processor.py:641} INFO - Processing file /home/airflow/.local/lib/python3.7/site-packages/airflow/example_dags/example_kubernetes_executor.py for tasks to queue
[2022-06-26 07:13:13,375] {logging_mixin.py:115} INFO - [2022-06-26 07:13:13,375] {dagbag.py:507} INFO - Filling up the DagBag from /home/airflow/.local/lib/python3.7/site-packages/airflow/example_dags/example_kubernetes_executor.py
[2022-06-26 07:13:13,615] {processor.py:651} INFO - DAG(s) dict_keys(['example_kubernetes_executor']) retrieved from /home/airflow/.local/lib/python3.7/site-packages/airflow/example_dags/example_kubernetes_executor.py
[2022-06-26 07:13:14,956] {logging_mixin.py:115} INFO - [2022-06-26 07:13:14,956] {dag.py:2379} INFO - Sync 1 DAGs
[2022-06-26 07:13:15,256] {logging_mixin.py:115} INFO - [2022-06-26 07:13:15,256] {dag.py:2927} INFO - Setting next_dagrun for example_kubernetes_executor to None, run_after=None
[2022-06-26 07:13:15,436] {processor.py:161} INFO - Processing /home/airflow/.local/lib/python3.7/site-packages/airflow/example_dags/example_kubernetes_executor.py took 2.118 seconds
[2022-06-26 07:13:45,899] {processor.py:153} INFO - Started process (PID=181) to work on /home/airflow/.local/lib/python3.7/site-packages/airflow/example_dags/example_kubernetes_executor.py
[2022-06-26 07:13:45,900] {processor.py:641} INFO - Processing file /home/airflow/.local/lib/python3.7/site-packages/airflow/example_dags/example_kubernetes_executor.py for tasks to queue
[2022-06-26 07:13:45,901] {logging_mixin.py:115} INFO - [2022-06-26 07:13:45,901] {dagbag.py:507} INFO - Filling up the DagBag from /home/airflow/.local/lib/python3.7/site-packages/airflow/example_dags/example_kubernetes_executor.py
[2022-06-26 07:13:45,976] {processor.py:651} INFO - DAG(s) dict_keys(['example_kubernetes_executor']) retrieved from /home/airflow/.local/lib/python3.7/site-packages/airflow/example_dags/example_kubernetes_executor.py
[2022-06-26 07:13:46,623] {logging_mixin.py:115} INFO - [2022-06-26 07:13:46,623] {dag.py:2379} INFO - Sync 1 DAGs
[2022-06-26 07:13:46,815] {logging_mixin.py:115} INFO - [2022-06-26 07:13:46,815] {dag.py:2927} INFO - Setting next_dagrun for example_kubernetes_executor to None, run_after=None
[2022-06-26 07:13:46,845] {processor.py:161} INFO - Processing /home/airflow/.local/lib/python3.7/site-packages/airflow/example_dags/example_kubernetes_executor.py took 0.949 seconds
[2022-06-26 07:14:17,278] {processor.py:153} INFO - Started process (PID=235) to work on /home/airflow/.local/lib/python3.7/site-packages/airflow/example_dags/example_kubernetes_executor.py
[2022-06-26 07:14:17,279] {processor.py:641} INFO - Processing file /home/airflow/.local/lib/python3.7/site-packages/airflow/example_dags/example_kubernetes_executor.py for tasks to queue
[2022-06-26 07:14:17,280] {logging_mixin.py:115} INFO - [2022-06-26 07:14:17,280] {dagbag.py:507} INFO - Filling up the DagBag from /home/airflow/.local/lib/python3.7/site-packages/airflow/example_dags/example_kubernetes_executor.py
[2022-06-26 07:14:17,521] {processor.py:651} INFO - DAG(s) dict_keys(['example_kubernetes_executor']) retrieved from /home/airflow/.local/lib/python3.7/site-packages/airflow/example_dags/example_kubernetes_executor.py
