[2022-06-26 07:12:45,575] {processor.py:153} INFO - Started process (PID=99) to work on /home/airflow/.local/lib/python3.7/site-packages/airflow/example_dags/example_trigger_target_dag.py
[2022-06-26 07:12:45,576] {processor.py:641} INFO - Processing file /home/airflow/.local/lib/python3.7/site-packages/airflow/example_dags/example_trigger_target_dag.py for tasks to queue
[2022-06-26 07:12:45,576] {logging_mixin.py:115} INFO - [2022-06-26 07:12:45,576] {dagbag.py:507} INFO - Filling up the DagBag from /home/airflow/.local/lib/python3.7/site-packages/airflow/example_dags/example_trigger_target_dag.py
[2022-06-26 07:12:45,716] {processor.py:651} INFO - DAG(s) dict_keys(['example_trigger_target_dag']) retrieved from /home/airflow/.local/lib/python3.7/site-packages/airflow/example_dags/example_trigger_target_dag.py
[2022-06-26 07:12:47,818] {logging_mixin.py:115} INFO - [2022-06-26 07:12:47,818] {manager.py:508} INFO - Created Permission View: can delete on DAG:example_trigger_target_dag
[2022-06-26 07:12:47,961] {logging_mixin.py:115} INFO - [2022-06-26 07:12:47,961] {manager.py:508} INFO - Created Permission View: can read on DAG:example_trigger_target_dag
[2022-06-26 07:12:48,099] {logging_mixin.py:115} INFO - [2022-06-26 07:12:48,098] {manager.py:508} INFO - Created Permission View: can edit on DAG:example_trigger_target_dag
[2022-06-26 07:12:48,099] {logging_mixin.py:115} INFO - [2022-06-26 07:12:48,099] {dag.py:2379} INFO - Sync 1 DAGs
[2022-06-26 07:12:48,202] {logging_mixin.py:115} INFO - [2022-06-26 07:12:48,202] {dag.py:2398} INFO - Creating ORM DAG for example_trigger_target_dag
[2022-06-26 07:12:48,317] {logging_mixin.py:115} INFO - [2022-06-26 07:12:48,317] {dag.py:2927} INFO - Setting next_dagrun for example_trigger_target_dag to None, run_after=None
[2022-06-26 07:12:48,554] {processor.py:161} INFO - Processing /home/airflow/.local/lib/python3.7/site-packages/airflow/example_dags/example_trigger_target_dag.py took 2.994 seconds
[2022-06-26 07:13:31,535] {processor.py:153} INFO - Started process (PID=152) to work on /home/airflow/.local/lib/python3.7/site-packages/airflow/example_dags/example_trigger_target_dag.py
[2022-06-26 07:13:31,555] {processor.py:641} INFO - Processing file /home/airflow/.local/lib/python3.7/site-packages/airflow/example_dags/example_trigger_target_dag.py for tasks to queue
[2022-06-26 07:13:31,556] {logging_mixin.py:115} INFO - [2022-06-26 07:13:31,556] {dagbag.py:507} INFO - Filling up the DagBag from /home/airflow/.local/lib/python3.7/site-packages/airflow/example_dags/example_trigger_target_dag.py
[2022-06-26 07:13:31,683] {processor.py:651} INFO - DAG(s) dict_keys(['example_trigger_target_dag']) retrieved from /home/airflow/.local/lib/python3.7/site-packages/airflow/example_dags/example_trigger_target_dag.py
[2022-06-26 07:13:32,134] {logging_mixin.py:115} INFO - [2022-06-26 07:13:32,134] {dag.py:2379} INFO - Sync 1 DAGs
[2022-06-26 07:13:33,617] {logging_mixin.py:115} INFO - [2022-06-26 07:13:33,617] {dag.py:2927} INFO - Setting next_dagrun for example_trigger_target_dag to None, run_after=None
[2022-06-26 07:13:33,819] {processor.py:161} INFO - Processing /home/airflow/.local/lib/python3.7/site-packages/airflow/example_dags/example_trigger_target_dag.py took 2.318 seconds
[2022-06-26 07:14:04,527] {processor.py:153} INFO - Started process (PID=205) to work on /home/airflow/.local/lib/python3.7/site-packages/airflow/example_dags/example_trigger_target_dag.py
[2022-06-26 07:14:04,528] {processor.py:641} INFO - Processing file /home/airflow/.local/lib/python3.7/site-packages/airflow/example_dags/example_trigger_target_dag.py for tasks to queue
[2022-06-26 07:14:04,528] {logging_mixin.py:115} INFO - [2022-06-26 07:14:04,528] {dagbag.py:507} INFO - Filling up the DagBag from /home/airflow/.local/lib/python3.7/site-packages/airflow/example_dags/example_trigger_target_dag.py
[2022-06-26 07:14:04,545] {processor.py:651} INFO - DAG(s) dict_keys(['example_trigger_target_dag']) retrieved from /home/airflow/.local/lib/python3.7/site-packages/airflow/example_dags/example_trigger_target_dag.py
[2022-06-26 07:14:04,589] {logging_mixin.py:115} INFO - [2022-06-26 07:14:04,589] {dag.py:2379} INFO - Sync 1 DAGs
[2022-06-26 07:14:04,750] {logging_mixin.py:115} INFO - [2022-06-26 07:14:04,750] {dag.py:2927} INFO - Setting next_dagrun for example_trigger_target_dag to None, run_after=None
[2022-06-26 07:14:04,761] {processor.py:161} INFO - Processing /home/airflow/.local/lib/python3.7/site-packages/airflow/example_dags/example_trigger_target_dag.py took 0.239 seconds
