[2022-06-26 07:12:52,039] {processor.py:153} INFO - Started process (PID=104) to work on /home/airflow/.local/lib/python3.7/site-packages/airflow/example_dags/example_branch_day_of_week_operator.py
[2022-06-26 07:12:52,058] {processor.py:641} INFO - Processing file /home/airflow/.local/lib/python3.7/site-packages/airflow/example_dags/example_branch_day_of_week_operator.py for tasks to queue
[2022-06-26 07:12:52,059] {logging_mixin.py:115} INFO - [2022-06-26 07:12:52,059] {dagbag.py:507} INFO - Filling up the DagBag from /home/airflow/.local/lib/python3.7/site-packages/airflow/example_dags/example_branch_day_of_week_operator.py
[2022-06-26 07:12:52,118] {processor.py:651} INFO - DAG(s) dict_keys(['example_weekday_branch_operator']) retrieved from /home/airflow/.local/lib/python3.7/site-packages/airflow/example_dags/example_branch_day_of_week_operator.py
[2022-06-26 07:12:54,339] {logging_mixin.py:115} INFO - [2022-06-26 07:12:54,339] {manager.py:508} INFO - Created Permission View: can delete on DAG:example_weekday_branch_operator
[2022-06-26 07:12:54,496] {logging_mixin.py:115} INFO - [2022-06-26 07:12:54,496] {manager.py:508} INFO - Created Permission View: can read on DAG:example_weekday_branch_operator
[2022-06-26 07:12:54,560] {logging_mixin.py:115} INFO - [2022-06-26 07:12:54,559] {manager.py:508} INFO - Created Permission View: can edit on DAG:example_weekday_branch_operator
[2022-06-26 07:12:54,560] {logging_mixin.py:115} INFO - [2022-06-26 07:12:54,560] {dag.py:2379} INFO - Sync 1 DAGs
[2022-06-26 07:12:54,720] {logging_mixin.py:115} INFO - [2022-06-26 07:12:54,720] {dag.py:2398} INFO - Creating ORM DAG for example_weekday_branch_operator
[2022-06-26 07:12:54,914] {logging_mixin.py:115} INFO - [2022-06-26 07:12:54,913] {dag.py:2927} INFO - Setting next_dagrun for example_weekday_branch_operator to 2022-06-25T00:00:00+00:00, run_after=2022-06-26T00:00:00+00:00
[2022-06-26 07:12:55,036] {processor.py:161} INFO - Processing /home/airflow/.local/lib/python3.7/site-packages/airflow/example_dags/example_branch_day_of_week_operator.py took 3.041 seconds
[2022-06-26 07:13:36,954] {processor.py:153} INFO - Started process (PID=157) to work on /home/airflow/.local/lib/python3.7/site-packages/airflow/example_dags/example_branch_day_of_week_operator.py
[2022-06-26 07:13:36,956] {processor.py:641} INFO - Processing file /home/airflow/.local/lib/python3.7/site-packages/airflow/example_dags/example_branch_day_of_week_operator.py for tasks to queue
[2022-06-26 07:13:36,974] {logging_mixin.py:115} INFO - [2022-06-26 07:13:36,973] {dagbag.py:507} INFO - Filling up the DagBag from /home/airflow/.local/lib/python3.7/site-packages/airflow/example_dags/example_branch_day_of_week_operator.py
[2022-06-26 07:13:37,093] {processor.py:651} INFO - DAG(s) dict_keys(['example_weekday_branch_operator']) retrieved from /home/airflow/.local/lib/python3.7/site-packages/airflow/example_dags/example_branch_day_of_week_operator.py
[2022-06-26 07:13:37,321] {logging_mixin.py:115} INFO - [2022-06-26 07:13:37,321] {dag.py:2379} INFO - Sync 1 DAGs
[2022-06-26 07:13:38,256] {logging_mixin.py:115} INFO - [2022-06-26 07:13:38,256] {dag.py:2927} INFO - Setting next_dagrun for example_weekday_branch_operator to 2022-06-25T00:00:00+00:00, run_after=2022-06-26T00:00:00+00:00
[2022-06-26 07:13:38,376] {processor.py:161} INFO - Processing /home/airflow/.local/lib/python3.7/site-packages/airflow/example_dags/example_branch_day_of_week_operator.py took 1.459 seconds
[2022-06-26 07:14:11,159] {processor.py:153} INFO - Started process (PID=210) to work on /home/airflow/.local/lib/python3.7/site-packages/airflow/example_dags/example_branch_day_of_week_operator.py
[2022-06-26 07:14:11,160] {processor.py:641} INFO - Processing file /home/airflow/.local/lib/python3.7/site-packages/airflow/example_dags/example_branch_day_of_week_operator.py for tasks to queue
[2022-06-26 07:14:11,160] {logging_mixin.py:115} INFO - [2022-06-26 07:14:11,160] {dagbag.py:507} INFO - Filling up the DagBag from /home/airflow/.local/lib/python3.7/site-packages/airflow/example_dags/example_branch_day_of_week_operator.py
[2022-06-26 07:14:11,169] {processor.py:651} INFO - DAG(s) dict_keys(['example_weekday_branch_operator']) retrieved from /home/airflow/.local/lib/python3.7/site-packages/airflow/example_dags/example_branch_day_of_week_operator.py
[2022-06-26 07:14:11,271] {logging_mixin.py:115} INFO - [2022-06-26 07:14:11,270] {dag.py:2379} INFO - Sync 1 DAGs
[2022-06-26 07:14:11,534] {logging_mixin.py:115} INFO - [2022-06-26 07:14:11,534] {dag.py:2927} INFO - Setting next_dagrun for example_weekday_branch_operator to 2022-06-25T00:00:00+00:00, run_after=2022-06-26T00:00:00+00:00
[2022-06-26 07:14:11,549] {processor.py:161} INFO - Processing /home/airflow/.local/lib/python3.7/site-packages/airflow/example_dags/example_branch_day_of_week_operator.py took 0.394 seconds
