[2022-06-26 07:12:57,276] {processor.py:153} INFO - Started process (PID=108) to work on /home/airflow/.local/lib/python3.7/site-packages/airflow/example_dags/example_sla_dag.py
[2022-06-26 07:12:57,278] {processor.py:641} INFO - Processing file /home/airflow/.local/lib/python3.7/site-packages/airflow/example_dags/example_sla_dag.py for tasks to queue
[2022-06-26 07:12:57,280] {logging_mixin.py:115} INFO - [2022-06-26 07:12:57,280] {dagbag.py:507} INFO - Filling up the DagBag from /home/airflow/.local/lib/python3.7/site-packages/airflow/example_dags/example_sla_dag.py
[2022-06-26 07:12:57,421] {processor.py:651} INFO - DAG(s) dict_keys(['example_sla_dag']) retrieved from /home/airflow/.local/lib/python3.7/site-packages/airflow/example_dags/example_sla_dag.py
[2022-06-26 07:12:59,938] {logging_mixin.py:115} INFO - [2022-06-26 07:12:59,938] {manager.py:508} INFO - Created Permission View: can delete on DAG:example_sla_dag
[2022-06-26 07:13:00,021] {logging_mixin.py:115} INFO - [2022-06-26 07:13:00,021] {manager.py:508} INFO - Created Permission View: can read on DAG:example_sla_dag
[2022-06-26 07:13:00,057] {logging_mixin.py:115} INFO - [2022-06-26 07:13:00,056] {manager.py:508} INFO - Created Permission View: can edit on DAG:example_sla_dag
[2022-06-26 07:13:00,057] {logging_mixin.py:115} INFO - [2022-06-26 07:13:00,057] {dag.py:2379} INFO - Sync 1 DAGs
[2022-06-26 07:13:00,115] {logging_mixin.py:115} INFO - [2022-06-26 07:13:00,114] {dag.py:2398} INFO - Creating ORM DAG for example_sla_dag
[2022-06-26 07:13:00,394] {logging_mixin.py:115} INFO - [2022-06-26 07:13:00,394] {dag.py:2927} INFO - Setting next_dagrun for example_sla_dag to 2022-06-26T07:10:00+00:00, run_after=2022-06-26T07:12:00+00:00
[2022-06-26 07:13:00,656] {processor.py:161} INFO - Processing /home/airflow/.local/lib/python3.7/site-packages/airflow/example_dags/example_sla_dag.py took 3.390 seconds
[2022-06-26 07:13:39,444] {processor.py:153} INFO - Started process (PID=161) to work on /home/airflow/.local/lib/python3.7/site-packages/airflow/example_dags/example_sla_dag.py
[2022-06-26 07:13:39,446] {processor.py:641} INFO - Processing file /home/airflow/.local/lib/python3.7/site-packages/airflow/example_dags/example_sla_dag.py for tasks to queue
[2022-06-26 07:13:39,447] {logging_mixin.py:115} INFO - [2022-06-26 07:13:39,447] {dagbag.py:507} INFO - Filling up the DagBag from /home/airflow/.local/lib/python3.7/site-packages/airflow/example_dags/example_sla_dag.py
[2022-06-26 07:13:39,498] {processor.py:651} INFO - DAG(s) dict_keys(['example_sla_dag']) retrieved from /home/airflow/.local/lib/python3.7/site-packages/airflow/example_dags/example_sla_dag.py
[2022-06-26 07:13:44,572] {logging_mixin.py:115} INFO - [2022-06-26 07:13:44,572] {dag.py:2379} INFO - Sync 1 DAGs
[2022-06-26 07:13:44,876] {logging_mixin.py:115} INFO - [2022-06-26 07:13:44,876] {dag.py:2927} INFO - Setting next_dagrun for example_sla_dag to 2022-06-26T07:10:00+00:00, run_after=2022-06-26T07:12:00+00:00
[2022-06-26 07:13:44,920] {processor.py:161} INFO - Processing /home/airflow/.local/lib/python3.7/site-packages/airflow/example_dags/example_sla_dag.py took 5.485 seconds
[2022-06-26 07:14:15,158] {processor.py:153} INFO - Started process (PID=232) to work on /home/airflow/.local/lib/python3.7/site-packages/airflow/example_dags/example_sla_dag.py
[2022-06-26 07:14:15,160] {processor.py:641} INFO - Processing file /home/airflow/.local/lib/python3.7/site-packages/airflow/example_dags/example_sla_dag.py for tasks to queue
[2022-06-26 07:14:15,160] {logging_mixin.py:115} INFO - [2022-06-26 07:14:15,160] {dagbag.py:507} INFO - Filling up the DagBag from /home/airflow/.local/lib/python3.7/site-packages/airflow/example_dags/example_sla_dag.py
[2022-06-26 07:14:15,204] {processor.py:651} INFO - DAG(s) dict_keys(['example_sla_dag']) retrieved from /home/airflow/.local/lib/python3.7/site-packages/airflow/example_dags/example_sla_dag.py
[2022-06-26 07:14:15,423] {logging_mixin.py:115} INFO - [2022-06-26 07:14:15,423] {dag.py:2379} INFO - Sync 1 DAGs
[2022-06-26 07:14:16,082] {logging_mixin.py:115} INFO - [2022-06-26 07:14:16,081] {dag.py:2927} INFO - Setting next_dagrun for example_sla_dag to 2022-06-26T07:12:00+00:00, run_after=2022-06-26T07:14:00+00:00
[2022-06-26 07:14:16,146] {processor.py:161} INFO - Processing /home/airflow/.local/lib/python3.7/site-packages/airflow/example_dags/example_sla_dag.py took 0.992 seconds
