[2022-06-26 07:13:02,639] {processor.py:153} INFO - Started process (PID=112) to work on /home/airflow/.local/lib/python3.7/site-packages/airflow/example_dags/example_local_kubernetes_executor.py
[2022-06-26 07:13:02,641] {processor.py:641} INFO - Processing file /home/airflow/.local/lib/python3.7/site-packages/airflow/example_dags/example_local_kubernetes_executor.py for tasks to queue
[2022-06-26 07:13:02,642] {logging_mixin.py:115} INFO - [2022-06-26 07:13:02,642] {dagbag.py:507} INFO - Filling up the DagBag from /home/airflow/.local/lib/python3.7/site-packages/airflow/example_dags/example_local_kubernetes_executor.py
[2022-06-26 07:13:02,805] {processor.py:651} INFO - DAG(s) dict_keys(['example_local_kubernetes_executor']) retrieved from /home/airflow/.local/lib/python3.7/site-packages/airflow/example_dags/example_local_kubernetes_executor.py
[2022-06-26 07:13:04,697] {logging_mixin.py:115} INFO - [2022-06-26 07:13:04,697] {manager.py:508} INFO - Created Permission View: can delete on DAG:example_local_kubernetes_executor
[2022-06-26 07:13:04,816] {logging_mixin.py:115} INFO - [2022-06-26 07:13:04,816] {manager.py:508} INFO - Created Permission View: can read on DAG:example_local_kubernetes_executor
[2022-06-26 07:13:04,915] {logging_mixin.py:115} INFO - [2022-06-26 07:13:04,915] {manager.py:508} INFO - Created Permission View: can edit on DAG:example_local_kubernetes_executor
[2022-06-26 07:13:04,916] {logging_mixin.py:115} INFO - [2022-06-26 07:13:04,916] {dag.py:2379} INFO - Sync 1 DAGs
[2022-06-26 07:13:05,075] {logging_mixin.py:115} INFO - [2022-06-26 07:13:05,075] {dag.py:2398} INFO - Creating ORM DAG for example_local_kubernetes_executor
[2022-06-26 07:13:05,136] {logging_mixin.py:115} INFO - [2022-06-26 07:13:05,135] {dag.py:2927} INFO - Setting next_dagrun for example_local_kubernetes_executor to None, run_after=None
[2022-06-26 07:13:05,235] {processor.py:161} INFO - Processing /home/airflow/.local/lib/python3.7/site-packages/airflow/example_dags/example_local_kubernetes_executor.py took 2.621 seconds
[2022-06-26 07:13:40,707] {processor.py:153} INFO - Started process (PID=165) to work on /home/airflow/.local/lib/python3.7/site-packages/airflow/example_dags/example_local_kubernetes_executor.py
[2022-06-26 07:13:40,708] {processor.py:641} INFO - Processing file /home/airflow/.local/lib/python3.7/site-packages/airflow/example_dags/example_local_kubernetes_executor.py for tasks to queue
[2022-06-26 07:13:40,709] {logging_mixin.py:115} INFO - [2022-06-26 07:13:40,708] {dagbag.py:507} INFO - Filling up the DagBag from /home/airflow/.local/lib/python3.7/site-packages/airflow/example_dags/example_local_kubernetes_executor.py
[2022-06-26 07:13:40,727] {processor.py:651} INFO - DAG(s) dict_keys(['example_local_kubernetes_executor']) retrieved from /home/airflow/.local/lib/python3.7/site-packages/airflow/example_dags/example_local_kubernetes_executor.py
[2022-06-26 07:13:40,765] {logging_mixin.py:115} INFO - [2022-06-26 07:13:40,765] {dag.py:2379} INFO - Sync 1 DAGs
[2022-06-26 07:13:40,958] {logging_mixin.py:115} INFO - [2022-06-26 07:13:40,958] {dag.py:2927} INFO - Setting next_dagrun for example_local_kubernetes_executor to None, run_after=None
[2022-06-26 07:13:40,970] {processor.py:161} INFO - Processing /home/airflow/.local/lib/python3.7/site-packages/airflow/example_dags/example_local_kubernetes_executor.py took 0.267 seconds
[2022-06-26 07:14:13,615] {processor.py:153} INFO - Started process (PID=228) to work on /home/airflow/.local/lib/python3.7/site-packages/airflow/example_dags/example_local_kubernetes_executor.py
[2022-06-26 07:14:13,616] {processor.py:641} INFO - Processing file /home/airflow/.local/lib/python3.7/site-packages/airflow/example_dags/example_local_kubernetes_executor.py for tasks to queue
[2022-06-26 07:14:13,617] {logging_mixin.py:115} INFO - [2022-06-26 07:14:13,617] {dagbag.py:507} INFO - Filling up the DagBag from /home/airflow/.local/lib/python3.7/site-packages/airflow/example_dags/example_local_kubernetes_executor.py
[2022-06-26 07:14:13,685] {processor.py:651} INFO - DAG(s) dict_keys(['example_local_kubernetes_executor']) retrieved from /home/airflow/.local/lib/python3.7/site-packages/airflow/example_dags/example_local_kubernetes_executor.py
[2022-06-26 07:14:13,798] {logging_mixin.py:115} INFO - [2022-06-26 07:14:13,798] {dag.py:2379} INFO - Sync 1 DAGs
[2022-06-26 07:14:14,295] {logging_mixin.py:115} INFO - [2022-06-26 07:14:14,295] {dag.py:2927} INFO - Setting next_dagrun for example_local_kubernetes_executor to None, run_after=None
[2022-06-26 07:14:14,358] {processor.py:161} INFO - Processing /home/airflow/.local/lib/python3.7/site-packages/airflow/example_dags/example_local_kubernetes_executor.py took 0.752 seconds
