[2022-06-26 07:12:41,634] {processor.py:153} INFO - Started process (PID=85) to work on /home/airflow/.local/lib/python3.7/site-packages/airflow/example_dags/example_bash_operator.py
[2022-06-26 07:12:41,634] {processor.py:641} INFO - Processing file /home/airflow/.local/lib/python3.7/site-packages/airflow/example_dags/example_bash_operator.py for tasks to queue
[2022-06-26 07:12:41,635] {logging_mixin.py:115} INFO - [2022-06-26 07:12:41,635] {dagbag.py:507} INFO - Filling up the DagBag from /home/airflow/.local/lib/python3.7/site-packages/airflow/example_dags/example_bash_operator.py
[2022-06-26 07:12:41,735] {processor.py:651} INFO - DAG(s) dict_keys(['example_bash_operator']) retrieved from /home/airflow/.local/lib/python3.7/site-packages/airflow/example_dags/example_bash_operator.py
[2022-06-26 07:12:42,738] {logging_mixin.py:115} INFO - [2022-06-26 07:12:42,738] {manager.py:508} INFO - Created Permission View: can delete on DAG:example_bash_operator
[2022-06-26 07:12:42,796] {logging_mixin.py:115} INFO - [2022-06-26 07:12:42,796] {manager.py:508} INFO - Created Permission View: can read on DAG:example_bash_operator
[2022-06-26 07:12:42,853] {logging_mixin.py:115} INFO - [2022-06-26 07:12:42,838] {manager.py:508} INFO - Created Permission View: can edit on DAG:example_bash_operator
[2022-06-26 07:12:42,854] {logging_mixin.py:115} INFO - [2022-06-26 07:12:42,854] {dag.py:2379} INFO - Sync 1 DAGs
[2022-06-26 07:12:42,924] {logging_mixin.py:115} INFO - [2022-06-26 07:12:42,924] {dag.py:2398} INFO - Creating ORM DAG for example_bash_operator
[2022-06-26 07:12:42,976] {logging_mixin.py:115} INFO - [2022-06-26 07:12:42,976] {dag.py:2927} INFO - Setting next_dagrun for example_bash_operator to 2022-06-25T00:00:00+00:00, run_after=2022-06-26T00:00:00+00:00
[2022-06-26 07:12:43,120] {processor.py:161} INFO - Processing /home/airflow/.local/lib/python3.7/site-packages/airflow/example_dags/example_bash_operator.py took 1.505 seconds
[2022-06-26 07:13:26,633] {processor.py:153} INFO - Started process (PID=146) to work on /home/airflow/.local/lib/python3.7/site-packages/airflow/example_dags/example_bash_operator.py
[2022-06-26 07:13:26,635] {processor.py:641} INFO - Processing file /home/airflow/.local/lib/python3.7/site-packages/airflow/example_dags/example_bash_operator.py for tasks to queue
[2022-06-26 07:13:26,637] {logging_mixin.py:115} INFO - [2022-06-26 07:13:26,637] {dagbag.py:507} INFO - Filling up the DagBag from /home/airflow/.local/lib/python3.7/site-packages/airflow/example_dags/example_bash_operator.py
[2022-06-26 07:13:26,736] {processor.py:651} INFO - DAG(s) dict_keys(['example_bash_operator']) retrieved from /home/airflow/.local/lib/python3.7/site-packages/airflow/example_dags/example_bash_operator.py
[2022-06-26 07:13:27,157] {logging_mixin.py:115} INFO - [2022-06-26 07:13:27,157] {dag.py:2379} INFO - Sync 1 DAGs
[2022-06-26 07:13:28,817] {logging_mixin.py:115} INFO - [2022-06-26 07:13:28,817] {dag.py:2927} INFO - Setting next_dagrun for example_bash_operator to 2022-06-25T00:00:00+00:00, run_after=2022-06-26T00:00:00+00:00
[2022-06-26 07:13:29,036] {processor.py:161} INFO - Processing /home/airflow/.local/lib/python3.7/site-packages/airflow/example_dags/example_bash_operator.py took 2.441 seconds
[2022-06-26 07:14:00,149] {processor.py:153} INFO - Started process (PID=201) to work on /home/airflow/.local/lib/python3.7/site-packages/airflow/example_dags/example_bash_operator.py
[2022-06-26 07:14:00,154] {processor.py:641} INFO - Processing file /home/airflow/.local/lib/python3.7/site-packages/airflow/example_dags/example_bash_operator.py for tasks to queue
[2022-06-26 07:14:00,155] {logging_mixin.py:115} INFO - [2022-06-26 07:14:00,155] {dagbag.py:507} INFO - Filling up the DagBag from /home/airflow/.local/lib/python3.7/site-packages/airflow/example_dags/example_bash_operator.py
[2022-06-26 07:14:00,199] {processor.py:651} INFO - DAG(s) dict_keys(['example_bash_operator']) retrieved from /home/airflow/.local/lib/python3.7/site-packages/airflow/example_dags/example_bash_operator.py
[2022-06-26 07:14:00,378] {logging_mixin.py:115} INFO - [2022-06-26 07:14:00,378] {dag.py:2379} INFO - Sync 1 DAGs
[2022-06-26 07:14:01,075] {logging_mixin.py:115} INFO - [2022-06-26 07:14:01,074] {dag.py:2927} INFO - Setting next_dagrun for example_bash_operator to 2022-06-25T00:00:00+00:00, run_after=2022-06-26T00:00:00+00:00
[2022-06-26 07:14:01,196] {processor.py:161} INFO - Processing /home/airflow/.local/lib/python3.7/site-packages/airflow/example_dags/example_bash_operator.py took 1.051 seconds
