[2022-06-26 07:13:08,681] {processor.py:153} INFO - Started process (PID=124) to work on /home/airflow/.local/lib/python3.7/site-packages/airflow/example_dags/example_xcom.py
[2022-06-26 07:13:08,714] {processor.py:641} INFO - Processing file /home/airflow/.local/lib/python3.7/site-packages/airflow/example_dags/example_xcom.py for tasks to queue
[2022-06-26 07:13:08,715] {logging_mixin.py:115} INFO - [2022-06-26 07:13:08,715] {dagbag.py:507} INFO - Filling up the DagBag from /home/airflow/.local/lib/python3.7/site-packages/airflow/example_dags/example_xcom.py
[2022-06-26 07:13:09,017] {processor.py:651} INFO - DAG(s) dict_keys(['example_xcom']) retrieved from /home/airflow/.local/lib/python3.7/site-packages/airflow/example_dags/example_xcom.py
[2022-06-26 07:13:11,434] {logging_mixin.py:115} INFO - [2022-06-26 07:13:11,434] {manager.py:508} INFO - Created Permission View: can delete on DAG:example_xcom
[2022-06-26 07:13:11,575] {logging_mixin.py:115} INFO - [2022-06-26 07:13:11,575] {manager.py:508} INFO - Created Permission View: can read on DAG:example_xcom
[2022-06-26 07:13:11,699] {logging_mixin.py:115} INFO - [2022-06-26 07:13:11,699] {manager.py:508} INFO - Created Permission View: can edit on DAG:example_xcom
[2022-06-26 07:13:11,714] {logging_mixin.py:115} INFO - [2022-06-26 07:13:11,714] {dag.py:2379} INFO - Sync 1 DAGs
[2022-06-26 07:13:11,876] {logging_mixin.py:115} INFO - [2022-06-26 07:13:11,865] {dag.py:2398} INFO - Creating ORM DAG for example_xcom
[2022-06-26 07:13:12,135] {logging_mixin.py:115} INFO - [2022-06-26 07:13:12,117] {dag.py:2927} INFO - Setting next_dagrun for example_xcom to 2021-01-01T00:00:00+00:00, run_after=2021-01-01T00:00:00+00:00
[2022-06-26 07:13:12,595] {processor.py:161} INFO - Processing /home/airflow/.local/lib/python3.7/site-packages/airflow/example_dags/example_xcom.py took 3.940 seconds
[2022-06-26 07:13:42,810] {processor.py:153} INFO - Started process (PID=168) to work on /home/airflow/.local/lib/python3.7/site-packages/airflow/example_dags/example_xcom.py
[2022-06-26 07:13:42,811] {processor.py:641} INFO - Processing file /home/airflow/.local/lib/python3.7/site-packages/airflow/example_dags/example_xcom.py for tasks to queue
[2022-06-26 07:13:42,812] {logging_mixin.py:115} INFO - [2022-06-26 07:13:42,812] {dagbag.py:507} INFO - Filling up the DagBag from /home/airflow/.local/lib/python3.7/site-packages/airflow/example_dags/example_xcom.py
[2022-06-26 07:13:42,837] {processor.py:651} INFO - DAG(s) dict_keys(['example_xcom']) retrieved from /home/airflow/.local/lib/python3.7/site-packages/airflow/example_dags/example_xcom.py
[2022-06-26 07:13:43,124] {logging_mixin.py:115} INFO - [2022-06-26 07:13:43,124] {dag.py:2379} INFO - Sync 1 DAGs
[2022-06-26 07:13:43,152] {logging_mixin.py:115} INFO - [2022-06-26 07:13:43,152] {dag.py:2927} INFO - Setting next_dagrun for example_xcom to 2021-01-01T00:00:00+00:00, run_after=2021-01-01T00:00:00+00:00
[2022-06-26 07:13:43,176] {processor.py:161} INFO - Processing /home/airflow/.local/lib/python3.7/site-packages/airflow/example_dags/example_xcom.py took 0.371 seconds
[2022-06-26 07:14:15,012] {processor.py:153} INFO - Started process (PID=231) to work on /home/airflow/.local/lib/python3.7/site-packages/airflow/example_dags/example_xcom.py
[2022-06-26 07:14:15,013] {processor.py:641} INFO - Processing file /home/airflow/.local/lib/python3.7/site-packages/airflow/example_dags/example_xcom.py for tasks to queue
[2022-06-26 07:14:15,014] {logging_mixin.py:115} INFO - [2022-06-26 07:14:15,014] {dagbag.py:507} INFO - Filling up the DagBag from /home/airflow/.local/lib/python3.7/site-packages/airflow/example_dags/example_xcom.py
[2022-06-26 07:14:15,044] {processor.py:651} INFO - DAG(s) dict_keys(['example_xcom']) retrieved from /home/airflow/.local/lib/python3.7/site-packages/airflow/example_dags/example_xcom.py
[2022-06-26 07:14:15,965] {logging_mixin.py:115} INFO - [2022-06-26 07:14:15,964] {dag.py:2379} INFO - Sync 1 DAGs
[2022-06-26 07:14:16,045] {logging_mixin.py:115} INFO - [2022-06-26 07:14:16,045] {dag.py:2927} INFO - Setting next_dagrun for example_xcom to 2021-01-01T00:00:00+00:00, run_after=2021-01-01T00:00:00+00:00
[2022-06-26 07:14:16,126] {processor.py:161} INFO - Processing /home/airflow/.local/lib/python3.7/site-packages/airflow/example_dags/example_xcom.py took 1.119 seconds
