[2022-06-26 07:12:55,296] {processor.py:153} INFO - Started process (PID=106) to work on /home/airflow/.local/lib/python3.7/site-packages/airflow/example_dags/example_branch_operator.py
[2022-06-26 07:12:55,296] {processor.py:641} INFO - Processing file /home/airflow/.local/lib/python3.7/site-packages/airflow/example_dags/example_branch_operator.py for tasks to queue
[2022-06-26 07:12:55,297] {logging_mixin.py:115} INFO - [2022-06-26 07:12:55,297] {dagbag.py:507} INFO - Filling up the DagBag from /home/airflow/.local/lib/python3.7/site-packages/airflow/example_dags/example_branch_operator.py
[2022-06-26 07:12:55,341] {processor.py:651} INFO - DAG(s) dict_keys(['example_branch_operator']) retrieved from /home/airflow/.local/lib/python3.7/site-packages/airflow/example_dags/example_branch_operator.py
[2022-06-26 07:12:56,656] {logging_mixin.py:115} INFO - [2022-06-26 07:12:56,656] {manager.py:508} INFO - Created Permission View: can delete on DAG:example_branch_operator
[2022-06-26 07:12:56,775] {logging_mixin.py:115} INFO - [2022-06-26 07:12:56,774] {manager.py:508} INFO - Created Permission View: can read on DAG:example_branch_operator
[2022-06-26 07:12:56,834] {logging_mixin.py:115} INFO - [2022-06-26 07:12:56,834] {manager.py:508} INFO - Created Permission View: can edit on DAG:example_branch_operator
[2022-06-26 07:12:56,835] {logging_mixin.py:115} INFO - [2022-06-26 07:12:56,835] {dag.py:2379} INFO - Sync 1 DAGs
[2022-06-26 07:12:56,893] {logging_mixin.py:115} INFO - [2022-06-26 07:12:56,893] {dag.py:2398} INFO - Creating ORM DAG for example_branch_operator
[2022-06-26 07:12:56,934] {logging_mixin.py:115} INFO - [2022-06-26 07:12:56,934] {dag.py:2927} INFO - Setting next_dagrun for example_branch_operator to 2022-06-25T00:00:00+00:00, run_after=2022-06-26T00:00:00+00:00
[2022-06-26 07:12:57,019] {processor.py:161} INFO - Processing /home/airflow/.local/lib/python3.7/site-packages/airflow/example_dags/example_branch_operator.py took 1.742 seconds
[2022-06-26 07:13:38,520] {processor.py:153} INFO - Started process (PID=159) to work on /home/airflow/.local/lib/python3.7/site-packages/airflow/example_dags/example_branch_operator.py
[2022-06-26 07:13:38,521] {processor.py:641} INFO - Processing file /home/airflow/.local/lib/python3.7/site-packages/airflow/example_dags/example_branch_operator.py for tasks to queue
[2022-06-26 07:13:38,522] {logging_mixin.py:115} INFO - [2022-06-26 07:13:38,522] {dagbag.py:507} INFO - Filling up the DagBag from /home/airflow/.local/lib/python3.7/site-packages/airflow/example_dags/example_branch_operator.py
[2022-06-26 07:13:38,580] {processor.py:651} INFO - DAG(s) dict_keys(['example_branch_operator']) retrieved from /home/airflow/.local/lib/python3.7/site-packages/airflow/example_dags/example_branch_operator.py
[2022-06-26 07:13:38,781] {logging_mixin.py:115} INFO - [2022-06-26 07:13:38,780] {dag.py:2379} INFO - Sync 1 DAGs
[2022-06-26 07:13:39,324] {logging_mixin.py:115} INFO - [2022-06-26 07:13:39,323] {dag.py:2927} INFO - Setting next_dagrun for example_branch_operator to 2022-06-25T00:00:00+00:00, run_after=2022-06-26T00:00:00+00:00
[2022-06-26 07:13:39,383] {processor.py:161} INFO - Processing /home/airflow/.local/lib/python3.7/site-packages/airflow/example_dags/example_branch_operator.py took 0.869 seconds
[2022-06-26 07:14:11,959] {processor.py:153} INFO - Started process (PID=221) to work on /home/airflow/.local/lib/python3.7/site-packages/airflow/example_dags/example_branch_operator.py
[2022-06-26 07:14:11,960] {processor.py:641} INFO - Processing file /home/airflow/.local/lib/python3.7/site-packages/airflow/example_dags/example_branch_operator.py for tasks to queue
[2022-06-26 07:14:11,961] {logging_mixin.py:115} INFO - [2022-06-26 07:14:11,961] {dagbag.py:507} INFO - Filling up the DagBag from /home/airflow/.local/lib/python3.7/site-packages/airflow/example_dags/example_branch_operator.py
[2022-06-26 07:14:11,978] {processor.py:651} INFO - DAG(s) dict_keys(['example_branch_operator']) retrieved from /home/airflow/.local/lib/python3.7/site-packages/airflow/example_dags/example_branch_operator.py
[2022-06-26 07:14:12,063] {logging_mixin.py:115} INFO - [2022-06-26 07:14:12,062] {dag.py:2379} INFO - Sync 1 DAGs
[2022-06-26 07:14:12,266] {logging_mixin.py:115} INFO - [2022-06-26 07:14:12,266] {dag.py:2927} INFO - Setting next_dagrun for example_branch_operator to 2022-06-25T00:00:00+00:00, run_after=2022-06-26T00:00:00+00:00
[2022-06-26 07:14:12,283] {processor.py:161} INFO - Processing /home/airflow/.local/lib/python3.7/site-packages/airflow/example_dags/example_branch_operator.py took 0.335 seconds
