[2022-06-26 07:13:00,154] {processor.py:153} INFO - Started process (PID=109) to work on /home/airflow/.local/lib/python3.7/site-packages/airflow/example_dags/example_branch_datetime_operator.py
[2022-06-26 07:13:00,156] {processor.py:641} INFO - Processing file /home/airflow/.local/lib/python3.7/site-packages/airflow/example_dags/example_branch_datetime_operator.py for tasks to queue
[2022-06-26 07:13:00,158] {logging_mixin.py:115} INFO - [2022-06-26 07:13:00,158] {dagbag.py:507} INFO - Filling up the DagBag from /home/airflow/.local/lib/python3.7/site-packages/airflow/example_dags/example_branch_datetime_operator.py
[2022-06-26 07:13:00,276] {processor.py:651} INFO - DAG(s) dict_keys(['example_branch_datetime_operator_2']) retrieved from /home/airflow/.local/lib/python3.7/site-packages/airflow/example_dags/example_branch_datetime_operator.py
[2022-06-26 07:13:02,057] {logging_mixin.py:115} INFO - [2022-06-26 07:13:02,057] {manager.py:508} INFO - Created Permission View: can delete on DAG:example_branch_datetime_operator_2
[2022-06-26 07:13:02,141] {logging_mixin.py:115} INFO - [2022-06-26 07:13:02,141] {manager.py:508} INFO - Created Permission View: can read on DAG:example_branch_datetime_operator_2
[2022-06-26 07:13:02,219] {logging_mixin.py:115} INFO - [2022-06-26 07:13:02,218] {manager.py:508} INFO - Created Permission View: can edit on DAG:example_branch_datetime_operator_2
[2022-06-26 07:13:02,219] {logging_mixin.py:115} INFO - [2022-06-26 07:13:02,219] {dag.py:2379} INFO - Sync 1 DAGs
[2022-06-26 07:13:02,280] {logging_mixin.py:115} INFO - [2022-06-26 07:13:02,280] {dag.py:2398} INFO - Creating ORM DAG for example_branch_datetime_operator_2
[2022-06-26 07:13:02,317] {logging_mixin.py:115} INFO - [2022-06-26 07:13:02,317] {dag.py:2927} INFO - Setting next_dagrun for example_branch_datetime_operator_2 to 2022-06-25T00:00:00+00:00, run_after=2022-06-26T00:00:00+00:00
[2022-06-26 07:13:02,415] {processor.py:161} INFO - Processing /home/airflow/.local/lib/python3.7/site-packages/airflow/example_dags/example_branch_datetime_operator.py took 2.298 seconds
[2022-06-26 07:13:39,596] {processor.py:153} INFO - Started process (PID=162) to work on /home/airflow/.local/lib/python3.7/site-packages/airflow/example_dags/example_branch_datetime_operator.py
[2022-06-26 07:13:39,598] {processor.py:641} INFO - Processing file /home/airflow/.local/lib/python3.7/site-packages/airflow/example_dags/example_branch_datetime_operator.py for tasks to queue
[2022-06-26 07:13:39,598] {logging_mixin.py:115} INFO - [2022-06-26 07:13:39,598] {dagbag.py:507} INFO - Filling up the DagBag from /home/airflow/.local/lib/python3.7/site-packages/airflow/example_dags/example_branch_datetime_operator.py
[2022-06-26 07:13:39,621] {processor.py:651} INFO - DAG(s) dict_keys(['example_branch_datetime_operator_2']) retrieved from /home/airflow/.local/lib/python3.7/site-packages/airflow/example_dags/example_branch_datetime_operator.py
[2022-06-26 07:13:39,695] {logging_mixin.py:115} INFO - [2022-06-26 07:13:39,694] {dag.py:2379} INFO - Sync 1 DAGs
[2022-06-26 07:13:39,915] {logging_mixin.py:115} INFO - [2022-06-26 07:13:39,915] {dag.py:2927} INFO - Setting next_dagrun for example_branch_datetime_operator_2 to 2022-06-25T00:00:00+00:00, run_after=2022-06-26T00:00:00+00:00
[2022-06-26 07:13:39,928] {processor.py:161} INFO - Processing /home/airflow/.local/lib/python3.7/site-packages/airflow/example_dags/example_branch_datetime_operator.py took 0.344 seconds
[2022-06-26 07:14:12,677] {processor.py:153} INFO - Started process (PID=225) to work on /home/airflow/.local/lib/python3.7/site-packages/airflow/example_dags/example_branch_datetime_operator.py
[2022-06-26 07:14:12,678] {processor.py:641} INFO - Processing file /home/airflow/.local/lib/python3.7/site-packages/airflow/example_dags/example_branch_datetime_operator.py for tasks to queue
[2022-06-26 07:14:12,679] {logging_mixin.py:115} INFO - [2022-06-26 07:14:12,679] {dagbag.py:507} INFO - Filling up the DagBag from /home/airflow/.local/lib/python3.7/site-packages/airflow/example_dags/example_branch_datetime_operator.py
[2022-06-26 07:14:12,700] {processor.py:651} INFO - DAG(s) dict_keys(['example_branch_datetime_operator_2']) retrieved from /home/airflow/.local/lib/python3.7/site-packages/airflow/example_dags/example_branch_datetime_operator.py
[2022-06-26 07:14:12,799] {logging_mixin.py:115} INFO - [2022-06-26 07:14:12,799] {dag.py:2379} INFO - Sync 1 DAGs
[2022-06-26 07:14:13,201] {logging_mixin.py:115} INFO - [2022-06-26 07:14:13,201] {dag.py:2927} INFO - Setting next_dagrun for example_branch_datetime_operator_2 to 2022-06-25T00:00:00+00:00, run_after=2022-06-26T00:00:00+00:00
[2022-06-26 07:14:13,225] {processor.py:161} INFO - Processing /home/airflow/.local/lib/python3.7/site-packages/airflow/example_dags/example_branch_datetime_operator.py took 0.558 seconds
