[2022-06-26 07:12:33,356] {processor.py:153} INFO - Started process (PID=78) to work on /home/airflow/.local/lib/python3.7/site-packages/airflow/example_dags/example_branch_operator_decorator.py
[2022-06-26 07:12:33,374] {processor.py:641} INFO - Processing file /home/airflow/.local/lib/python3.7/site-packages/airflow/example_dags/example_branch_operator_decorator.py for tasks to queue
[2022-06-26 07:12:33,375] {logging_mixin.py:115} INFO - [2022-06-26 07:12:33,375] {dagbag.py:507} INFO - Filling up the DagBag from /home/airflow/.local/lib/python3.7/site-packages/airflow/example_dags/example_branch_operator_decorator.py
[2022-06-26 07:12:33,694] {processor.py:651} INFO - DAG(s) dict_keys(['example_branch_python_operator_decorator']) retrieved from /home/airflow/.local/lib/python3.7/site-packages/airflow/example_dags/example_branch_operator_decorator.py
[2022-06-26 07:12:35,882] {logging_mixin.py:115} INFO - [2022-06-26 07:12:35,882] {manager.py:508} INFO - Created Permission View: can delete on DAG:example_branch_python_operator_decorator
[2022-06-26 07:12:35,997] {logging_mixin.py:115} INFO - [2022-06-26 07:12:35,996] {manager.py:508} INFO - Created Permission View: can read on DAG:example_branch_python_operator_decorator
[2022-06-26 07:12:36,083] {logging_mixin.py:115} INFO - [2022-06-26 07:12:36,083] {manager.py:508} INFO - Created Permission View: can edit on DAG:example_branch_python_operator_decorator
[2022-06-26 07:12:36,083] {logging_mixin.py:115} INFO - [2022-06-26 07:12:36,083] {dag.py:2379} INFO - Sync 1 DAGs
[2022-06-26 07:12:36,164] {logging_mixin.py:115} INFO - [2022-06-26 07:12:36,164] {dag.py:2398} INFO - Creating ORM DAG for example_branch_python_operator_decorator
[2022-06-26 07:12:36,298] {logging_mixin.py:115} INFO - [2022-06-26 07:12:36,298] {dag.py:2927} INFO - Setting next_dagrun for example_branch_python_operator_decorator to 2022-06-25T00:00:00+00:00, run_after=2022-06-26T00:00:00+00:00
[2022-06-26 07:12:36,418] {processor.py:161} INFO - Processing /home/airflow/.local/lib/python3.7/site-packages/airflow/example_dags/example_branch_operator_decorator.py took 3.115 seconds
[2022-06-26 07:13:16,544] {processor.py:153} INFO - Started process (PID=131) to work on /home/airflow/.local/lib/python3.7/site-packages/airflow/example_dags/example_branch_operator_decorator.py
[2022-06-26 07:13:16,554] {processor.py:641} INFO - Processing file /home/airflow/.local/lib/python3.7/site-packages/airflow/example_dags/example_branch_operator_decorator.py for tasks to queue
[2022-06-26 07:13:16,556] {logging_mixin.py:115} INFO - [2022-06-26 07:13:16,555] {dagbag.py:507} INFO - Filling up the DagBag from /home/airflow/.local/lib/python3.7/site-packages/airflow/example_dags/example_branch_operator_decorator.py
[2022-06-26 07:13:16,796] {processor.py:651} INFO - DAG(s) dict_keys(['example_branch_python_operator_decorator']) retrieved from /home/airflow/.local/lib/python3.7/site-packages/airflow/example_dags/example_branch_operator_decorator.py
[2022-06-26 07:13:17,179] {logging_mixin.py:115} INFO - [2022-06-26 07:13:17,179] {dag.py:2379} INFO - Sync 1 DAGs
[2022-06-26 07:13:18,940] {logging_mixin.py:115} INFO - [2022-06-26 07:13:18,940] {dag.py:2927} INFO - Setting next_dagrun for example_branch_python_operator_decorator to 2022-06-25T00:00:00+00:00, run_after=2022-06-26T00:00:00+00:00
[2022-06-26 07:13:19,098] {processor.py:161} INFO - Processing /home/airflow/.local/lib/python3.7/site-packages/airflow/example_dags/example_branch_operator_decorator.py took 2.602 seconds
[2022-06-26 07:13:49,397] {processor.py:153} INFO - Started process (PID=184) to work on /home/airflow/.local/lib/python3.7/site-packages/airflow/example_dags/example_branch_operator_decorator.py
[2022-06-26 07:13:49,398] {processor.py:641} INFO - Processing file /home/airflow/.local/lib/python3.7/site-packages/airflow/example_dags/example_branch_operator_decorator.py for tasks to queue
[2022-06-26 07:13:49,399] {logging_mixin.py:115} INFO - [2022-06-26 07:13:49,399] {dagbag.py:507} INFO - Filling up the DagBag from /home/airflow/.local/lib/python3.7/site-packages/airflow/example_dags/example_branch_operator_decorator.py
[2022-06-26 07:13:49,418] {processor.py:651} INFO - DAG(s) dict_keys(['example_branch_python_operator_decorator']) retrieved from /home/airflow/.local/lib/python3.7/site-packages/airflow/example_dags/example_branch_operator_decorator.py
[2022-06-26 07:13:49,475] {logging_mixin.py:115} INFO - [2022-06-26 07:13:49,474] {dag.py:2379} INFO - Sync 1 DAGs
[2022-06-26 07:13:49,682] {logging_mixin.py:115} INFO - [2022-06-26 07:13:49,681] {dag.py:2927} INFO - Setting next_dagrun for example_branch_python_operator_decorator to 2022-06-25T00:00:00+00:00, run_after=2022-06-26T00:00:00+00:00
[2022-06-26 07:13:49,692] {processor.py:161} INFO - Processing /home/airflow/.local/lib/python3.7/site-packages/airflow/example_dags/example_branch_operator_decorator.py took 0.302 seconds
