[2022-06-26 07:12:41,663] {processor.py:153} INFO - Started process (PID=86) to work on /home/airflow/.local/lib/python3.7/site-packages/airflow/example_dags/example_complex.py
[2022-06-26 07:12:41,663] {processor.py:641} INFO - Processing file /home/airflow/.local/lib/python3.7/site-packages/airflow/example_dags/example_complex.py for tasks to queue
[2022-06-26 07:12:41,664] {logging_mixin.py:115} INFO - [2022-06-26 07:12:41,664] {dagbag.py:507} INFO - Filling up the DagBag from /home/airflow/.local/lib/python3.7/site-packages/airflow/example_dags/example_complex.py
[2022-06-26 07:12:41,774] {processor.py:651} INFO - DAG(s) dict_keys(['example_complex']) retrieved from /home/airflow/.local/lib/python3.7/site-packages/airflow/example_dags/example_complex.py
[2022-06-26 07:12:42,898] {logging_mixin.py:115} INFO - [2022-06-26 07:12:42,897] {manager.py:508} INFO - Created Permission View: can delete on DAG:example_complex
[2022-06-26 07:12:42,976] {logging_mixin.py:115} INFO - [2022-06-26 07:12:42,975] {manager.py:508} INFO - Created Permission View: can read on DAG:example_complex
[2022-06-26 07:12:43,038] {logging_mixin.py:115} INFO - [2022-06-26 07:12:43,038] {manager.py:508} INFO - Created Permission View: can edit on DAG:example_complex
[2022-06-26 07:12:43,039] {logging_mixin.py:115} INFO - [2022-06-26 07:12:43,039] {dag.py:2379} INFO - Sync 1 DAGs
[2022-06-26 07:12:43,097] {logging_mixin.py:115} INFO - [2022-06-26 07:12:43,097] {dag.py:2398} INFO - Creating ORM DAG for example_complex
[2022-06-26 07:12:43,162] {logging_mixin.py:115} INFO - [2022-06-26 07:12:43,162] {dag.py:2927} INFO - Setting next_dagrun for example_complex to None, run_after=None
[2022-06-26 07:12:43,339] {processor.py:161} INFO - Processing /home/airflow/.local/lib/python3.7/site-packages/airflow/example_dags/example_complex.py took 1.683 seconds
[2022-06-26 07:13:27,479] {processor.py:153} INFO - Started process (PID=147) to work on /home/airflow/.local/lib/python3.7/site-packages/airflow/example_dags/example_complex.py
[2022-06-26 07:13:27,494] {processor.py:641} INFO - Processing file /home/airflow/.local/lib/python3.7/site-packages/airflow/example_dags/example_complex.py for tasks to queue
[2022-06-26 07:13:27,514] {logging_mixin.py:115} INFO - [2022-06-26 07:13:27,514] {dagbag.py:507} INFO - Filling up the DagBag from /home/airflow/.local/lib/python3.7/site-packages/airflow/example_dags/example_complex.py
[2022-06-26 07:13:27,682] {processor.py:651} INFO - DAG(s) dict_keys(['example_complex']) retrieved from /home/airflow/.local/lib/python3.7/site-packages/airflow/example_dags/example_complex.py
[2022-06-26 07:13:28,055] {logging_mixin.py:115} INFO - [2022-06-26 07:13:28,054] {dag.py:2379} INFO - Sync 1 DAGs
[2022-06-26 07:13:29,599] {logging_mixin.py:115} INFO - [2022-06-26 07:13:29,598] {dag.py:2927} INFO - Setting next_dagrun for example_complex to None, run_after=None
[2022-06-26 07:13:29,755] {processor.py:161} INFO - Processing /home/airflow/.local/lib/python3.7/site-packages/airflow/example_dags/example_complex.py took 2.294 seconds
[2022-06-26 07:14:00,200] {processor.py:153} INFO - Started process (PID=202) to work on /home/airflow/.local/lib/python3.7/site-packages/airflow/example_dags/example_complex.py
[2022-06-26 07:14:00,205] {processor.py:641} INFO - Processing file /home/airflow/.local/lib/python3.7/site-packages/airflow/example_dags/example_complex.py for tasks to queue
[2022-06-26 07:14:00,206] {logging_mixin.py:115} INFO - [2022-06-26 07:14:00,206] {dagbag.py:507} INFO - Filling up the DagBag from /home/airflow/.local/lib/python3.7/site-packages/airflow/example_dags/example_complex.py
[2022-06-26 07:14:00,235] {processor.py:651} INFO - DAG(s) dict_keys(['example_complex']) retrieved from /home/airflow/.local/lib/python3.7/site-packages/airflow/example_dags/example_complex.py
[2022-06-26 07:14:00,483] {logging_mixin.py:115} INFO - [2022-06-26 07:14:00,483] {dag.py:2379} INFO - Sync 1 DAGs
[2022-06-26 07:14:01,401] {logging_mixin.py:115} INFO - [2022-06-26 07:14:01,401] {dag.py:2927} INFO - Setting next_dagrun for example_complex to None, run_after=None
[2022-06-26 07:14:01,453] {processor.py:161} INFO - Processing /home/airflow/.local/lib/python3.7/site-packages/airflow/example_dags/example_complex.py took 1.262 seconds
