[2022-06-26 07:13:05,581] {processor.py:153} INFO - Started process (PID=121) to work on /home/airflow/.local/lib/python3.7/site-packages/airflow/example_dags/example_xcomargs.py
[2022-06-26 07:13:05,593] {processor.py:641} INFO - Processing file /home/airflow/.local/lib/python3.7/site-packages/airflow/example_dags/example_xcomargs.py for tasks to queue
[2022-06-26 07:13:05,594] {logging_mixin.py:115} INFO - [2022-06-26 07:13:05,594] {dagbag.py:507} INFO - Filling up the DagBag from /home/airflow/.local/lib/python3.7/site-packages/airflow/example_dags/example_xcomargs.py
[2022-06-26 07:13:05,760] {processor.py:651} INFO - DAG(s) dict_keys(['example_xcom_args', 'example_xcom_args_with_operators']) retrieved from /home/airflow/.local/lib/python3.7/site-packages/airflow/example_dags/example_xcomargs.py
[2022-06-26 07:13:08,018] {logging_mixin.py:115} INFO - [2022-06-26 07:13:08,018] {manager.py:508} INFO - Created Permission View: can delete on DAG:example_xcom_args
[2022-06-26 07:13:08,139] {logging_mixin.py:115} INFO - [2022-06-26 07:13:08,139] {manager.py:508} INFO - Created Permission View: can read on DAG:example_xcom_args
[2022-06-26 07:13:08,219] {logging_mixin.py:115} INFO - [2022-06-26 07:13:08,218] {manager.py:508} INFO - Created Permission View: can edit on DAG:example_xcom_args
[2022-06-26 07:13:08,415] {logging_mixin.py:115} INFO - [2022-06-26 07:13:08,415] {manager.py:508} INFO - Created Permission View: can delete on DAG:example_xcom_args_with_operators
[2022-06-26 07:13:08,537] {logging_mixin.py:115} INFO - [2022-06-26 07:13:08,536] {manager.py:508} INFO - Created Permission View: can read on DAG:example_xcom_args_with_operators
[2022-06-26 07:13:08,681] {logging_mixin.py:115} INFO - [2022-06-26 07:13:08,680] {manager.py:508} INFO - Created Permission View: can edit on DAG:example_xcom_args_with_operators
[2022-06-26 07:13:08,681] {logging_mixin.py:115} INFO - [2022-06-26 07:13:08,681] {dag.py:2379} INFO - Sync 2 DAGs
[2022-06-26 07:13:08,754] {logging_mixin.py:115} INFO - [2022-06-26 07:13:08,754] {dag.py:2398} INFO - Creating ORM DAG for example_xcom_args
[2022-06-26 07:13:08,755] {logging_mixin.py:115} INFO - [2022-06-26 07:13:08,755] {dag.py:2398} INFO - Creating ORM DAG for example_xcom_args_with_operators
[2022-06-26 07:13:08,873] {logging_mixin.py:115} INFO - [2022-06-26 07:13:08,859] {dag.py:2927} INFO - Setting next_dagrun for example_xcom_args to None, run_after=None
[2022-06-26 07:13:08,875] {logging_mixin.py:115} INFO - [2022-06-26 07:13:08,874] {dag.py:2927} INFO - Setting next_dagrun for example_xcom_args_with_operators to None, run_after=None
[2022-06-26 07:13:08,997] {processor.py:161} INFO - Processing /home/airflow/.local/lib/python3.7/site-packages/airflow/example_dags/example_xcomargs.py took 3.421 seconds
[2022-06-26 07:13:41,402] {processor.py:153} INFO - Started process (PID=167) to work on /home/airflow/.local/lib/python3.7/site-packages/airflow/example_dags/example_xcomargs.py
[2022-06-26 07:13:41,403] {processor.py:641} INFO - Processing file /home/airflow/.local/lib/python3.7/site-packages/airflow/example_dags/example_xcomargs.py for tasks to queue
[2022-06-26 07:13:41,404] {logging_mixin.py:115} INFO - [2022-06-26 07:13:41,404] {dagbag.py:507} INFO - Filling up the DagBag from /home/airflow/.local/lib/python3.7/site-packages/airflow/example_dags/example_xcomargs.py
[2022-06-26 07:13:41,424] {processor.py:651} INFO - DAG(s) dict_keys(['example_xcom_args', 'example_xcom_args_with_operators']) retrieved from /home/airflow/.local/lib/python3.7/site-packages/airflow/example_dags/example_xcomargs.py
[2022-06-26 07:13:41,719] {logging_mixin.py:115} INFO - [2022-06-26 07:13:41,719] {dag.py:2379} INFO - Sync 2 DAGs
[2022-06-26 07:13:41,740] {logging_mixin.py:115} INFO - [2022-06-26 07:13:41,740] {dag.py:2927} INFO - Setting next_dagrun for example_xcom_args to None, run_after=None
[2022-06-26 07:13:41,741] {logging_mixin.py:115} INFO - [2022-06-26 07:13:41,741] {dag.py:2927} INFO - Setting next_dagrun for example_xcom_args_with_operators to None, run_after=None
[2022-06-26 07:13:41,757] {processor.py:161} INFO - Processing /home/airflow/.local/lib/python3.7/site-packages/airflow/example_dags/example_xcomargs.py took 0.359 seconds
[2022-06-26 07:14:14,458] {processor.py:153} INFO - Started process (PID=230) to work on /home/airflow/.local/lib/python3.7/site-packages/airflow/example_dags/example_xcomargs.py
[2022-06-26 07:14:14,459] {processor.py:641} INFO - Processing file /home/airflow/.local/lib/python3.7/site-packages/airflow/example_dags/example_xcomargs.py for tasks to queue
[2022-06-26 07:14:14,460] {logging_mixin.py:115} INFO - [2022-06-26 07:14:14,460] {dagbag.py:507} INFO - Filling up the DagBag from /home/airflow/.local/lib/python3.7/site-packages/airflow/example_dags/example_xcomargs.py
[2022-06-26 07:14:14,501] {processor.py:651} INFO - DAG(s) dict_keys(['example_xcom_args', 'example_xcom_args_with_operators']) retrieved from /home/airflow/.local/lib/python3.7/site-packages/airflow/example_dags/example_xcomargs.py
[2022-06-26 07:14:14,966] {logging_mixin.py:115} INFO - [2022-06-26 07:14:14,965] {dag.py:2379} INFO - Sync 2 DAGs
[2022-06-26 07:14:15,035] {logging_mixin.py:115} INFO - [2022-06-26 07:14:15,035] {dag.py:2927} INFO - Setting next_dagrun for example_xcom_args to None, run_after=None
[2022-06-26 07:14:15,036] {logging_mixin.py:115} INFO - [2022-06-26 07:14:15,036] {dag.py:2927} INFO - Setting next_dagrun for example_xcom_args_with_operators to None, run_after=None
[2022-06-26 07:14:15,095] {processor.py:161} INFO - Processing /home/airflow/.local/lib/python3.7/site-packages/airflow/example_dags/example_xcomargs.py took 0.646 seconds
