[2022-06-26 07:13:09,254] {processor.py:153} INFO - Started process (PID=125) to work on /home/airflow/.local/lib/python3.7/site-packages/airflow/example_dags/example_latest_only.py
[2022-06-26 07:13:09,255] {processor.py:641} INFO - Processing file /home/airflow/.local/lib/python3.7/site-packages/airflow/example_dags/example_latest_only.py for tasks to queue
[2022-06-26 07:13:09,257] {logging_mixin.py:115} INFO - [2022-06-26 07:13:09,257] {dagbag.py:507} INFO - Filling up the DagBag from /home/airflow/.local/lib/python3.7/site-packages/airflow/example_dags/example_latest_only.py
[2022-06-26 07:13:09,376] {processor.py:651} INFO - DAG(s) dict_keys(['latest_only']) retrieved from /home/airflow/.local/lib/python3.7/site-packages/airflow/example_dags/example_latest_only.py
[2022-06-26 07:13:12,155] {logging_mixin.py:115} INFO - [2022-06-26 07:13:12,155] {manager.py:508} INFO - Created Permission View: can delete on DAG:latest_only
[2022-06-26 07:13:12,363] {logging_mixin.py:115} INFO - [2022-06-26 07:13:12,362] {manager.py:508} INFO - Created Permission View: can read on DAG:latest_only
[2022-06-26 07:13:12,543] {logging_mixin.py:115} INFO - [2022-06-26 07:13:12,542] {manager.py:508} INFO - Created Permission View: can edit on DAG:latest_only
[2022-06-26 07:13:12,543] {logging_mixin.py:115} INFO - [2022-06-26 07:13:12,543] {dag.py:2379} INFO - Sync 1 DAGs
[2022-06-26 07:13:12,695] {logging_mixin.py:115} INFO - [2022-06-26 07:13:12,695] {dag.py:2398} INFO - Creating ORM DAG for latest_only
[2022-06-26 07:13:12,956] {logging_mixin.py:115} INFO - [2022-06-26 07:13:12,956] {dag.py:2927} INFO - Setting next_dagrun for latest_only to 2022-06-26T03:13:12.955717+00:00, run_after=2022-06-26T07:13:12.955717+00:00
[2022-06-26 07:13:13,178] {processor.py:161} INFO - Processing /home/airflow/.local/lib/python3.7/site-packages/airflow/example_dags/example_latest_only.py took 3.962 seconds
[2022-06-26 07:13:44,996] {processor.py:153} INFO - Started process (PID=179) to work on /home/airflow/.local/lib/python3.7/site-packages/airflow/example_dags/example_latest_only.py
[2022-06-26 07:13:44,998] {processor.py:641} INFO - Processing file /home/airflow/.local/lib/python3.7/site-packages/airflow/example_dags/example_latest_only.py for tasks to queue
[2022-06-26 07:13:44,999] {logging_mixin.py:115} INFO - [2022-06-26 07:13:44,998] {dagbag.py:507} INFO - Filling up the DagBag from /home/airflow/.local/lib/python3.7/site-packages/airflow/example_dags/example_latest_only.py
[2022-06-26 07:13:45,007] {processor.py:651} INFO - DAG(s) dict_keys(['latest_only']) retrieved from /home/airflow/.local/lib/python3.7/site-packages/airflow/example_dags/example_latest_only.py
[2022-06-26 07:13:45,126] {logging_mixin.py:115} INFO - [2022-06-26 07:13:45,126] {dag.py:2379} INFO - Sync 1 DAGs
[2022-06-26 07:13:45,614] {logging_mixin.py:115} INFO - [2022-06-26 07:13:45,614] {dag.py:2927} INFO - Setting next_dagrun for latest_only to 2022-06-26T03:13:45.614383+00:00, run_after=2022-06-26T07:13:45.614383+00:00
[2022-06-26 07:13:45,654] {processor.py:161} INFO - Processing /home/airflow/.local/lib/python3.7/site-packages/airflow/example_dags/example_latest_only.py took 0.672 seconds
[2022-06-26 07:14:16,178] {processor.py:153} INFO - Started process (PID=233) to work on /home/airflow/.local/lib/python3.7/site-packages/airflow/example_dags/example_latest_only.py
[2022-06-26 07:14:16,179] {processor.py:641} INFO - Processing file /home/airflow/.local/lib/python3.7/site-packages/airflow/example_dags/example_latest_only.py for tasks to queue
[2022-06-26 07:14:16,179] {logging_mixin.py:115} INFO - [2022-06-26 07:14:16,179] {dagbag.py:507} INFO - Filling up the DagBag from /home/airflow/.local/lib/python3.7/site-packages/airflow/example_dags/example_latest_only.py
[2022-06-26 07:14:16,187] {processor.py:651} INFO - DAG(s) dict_keys(['latest_only']) retrieved from /home/airflow/.local/lib/python3.7/site-packages/airflow/example_dags/example_latest_only.py
[2022-06-26 07:14:16,260] {logging_mixin.py:115} INFO - [2022-06-26 07:14:16,260] {dag.py:2379} INFO - Sync 1 DAGs
[2022-06-26 07:14:16,471] {logging_mixin.py:115} INFO - [2022-06-26 07:14:16,471] {dag.py:2927} INFO - Setting next_dagrun for latest_only to 2022-06-26T03:14:16.471201+00:00, run_after=2022-06-26T07:14:16.471201+00:00
[2022-06-26 07:14:16,501] {processor.py:161} INFO - Processing /home/airflow/.local/lib/python3.7/site-packages/airflow/example_dags/example_latest_only.py took 0.339 seconds
