[2022-06-26 07:12:55,056] {processor.py:153} INFO - Started process (PID=105) to work on /home/airflow/.local/lib/python3.7/site-packages/airflow/example_dags/example_trigger_controller_dag.py
[2022-06-26 07:12:55,057] {processor.py:641} INFO - Processing file /home/airflow/.local/lib/python3.7/site-packages/airflow/example_dags/example_trigger_controller_dag.py for tasks to queue
[2022-06-26 07:12:55,059] {logging_mixin.py:115} INFO - [2022-06-26 07:12:55,058] {dagbag.py:507} INFO - Filling up the DagBag from /home/airflow/.local/lib/python3.7/site-packages/airflow/example_dags/example_trigger_controller_dag.py
[2022-06-26 07:12:55,079] {processor.py:651} INFO - DAG(s) dict_keys(['example_trigger_controller_dag']) retrieved from /home/airflow/.local/lib/python3.7/site-packages/airflow/example_dags/example_trigger_controller_dag.py
[2022-06-26 07:12:56,776] {logging_mixin.py:115} INFO - [2022-06-26 07:12:56,776] {manager.py:508} INFO - Created Permission View: can delete on DAG:example_trigger_controller_dag
[2022-06-26 07:12:56,880] {logging_mixin.py:115} INFO - [2022-06-26 07:12:56,880] {manager.py:508} INFO - Created Permission View: can read on DAG:example_trigger_controller_dag
[2022-06-26 07:12:56,959] {logging_mixin.py:115} INFO - [2022-06-26 07:12:56,959] {manager.py:508} INFO - Created Permission View: can edit on DAG:example_trigger_controller_dag
[2022-06-26 07:12:56,959] {logging_mixin.py:115} INFO - [2022-06-26 07:12:56,959] {dag.py:2379} INFO - Sync 1 DAGs
[2022-06-26 07:12:56,999] {logging_mixin.py:115} INFO - [2022-06-26 07:12:56,998] {dag.py:2398} INFO - Creating ORM DAG for example_trigger_controller_dag
[2022-06-26 07:12:57,075] {logging_mixin.py:115} INFO - [2022-06-26 07:12:57,075] {dag.py:2927} INFO - Setting next_dagrun for example_trigger_controller_dag to 2021-01-01T00:00:00+00:00, run_after=2021-01-01T00:00:00+00:00
[2022-06-26 07:12:57,137] {processor.py:161} INFO - Processing /home/airflow/.local/lib/python3.7/site-packages/airflow/example_dags/example_trigger_controller_dag.py took 2.100 seconds
[2022-06-26 07:13:36,959] {processor.py:153} INFO - Started process (PID=158) to work on /home/airflow/.local/lib/python3.7/site-packages/airflow/example_dags/example_trigger_controller_dag.py
[2022-06-26 07:13:36,974] {processor.py:641} INFO - Processing file /home/airflow/.local/lib/python3.7/site-packages/airflow/example_dags/example_trigger_controller_dag.py for tasks to queue
[2022-06-26 07:13:36,975] {logging_mixin.py:115} INFO - [2022-06-26 07:13:36,975] {dagbag.py:507} INFO - Filling up the DagBag from /home/airflow/.local/lib/python3.7/site-packages/airflow/example_dags/example_trigger_controller_dag.py
[2022-06-26 07:13:36,983] {processor.py:651} INFO - DAG(s) dict_keys(['example_trigger_controller_dag']) retrieved from /home/airflow/.local/lib/python3.7/site-packages/airflow/example_dags/example_trigger_controller_dag.py
[2022-06-26 07:13:37,215] {logging_mixin.py:115} INFO - [2022-06-26 07:13:37,214] {dag.py:2379} INFO - Sync 1 DAGs
[2022-06-26 07:13:38,496] {logging_mixin.py:115} INFO - [2022-06-26 07:13:38,496] {dag.py:2927} INFO - Setting next_dagrun for example_trigger_controller_dag to 2021-01-01T00:00:00+00:00, run_after=2021-01-01T00:00:00+00:00
[2022-06-26 07:13:38,576] {processor.py:161} INFO - Processing /home/airflow/.local/lib/python3.7/site-packages/airflow/example_dags/example_trigger_controller_dag.py took 1.638 seconds
[2022-06-26 07:14:11,588] {processor.py:153} INFO - Started process (PID=211) to work on /home/airflow/.local/lib/python3.7/site-packages/airflow/example_dags/example_trigger_controller_dag.py
[2022-06-26 07:14:11,589] {processor.py:641} INFO - Processing file /home/airflow/.local/lib/python3.7/site-packages/airflow/example_dags/example_trigger_controller_dag.py for tasks to queue
[2022-06-26 07:14:11,590] {logging_mixin.py:115} INFO - [2022-06-26 07:14:11,590] {dagbag.py:507} INFO - Filling up the DagBag from /home/airflow/.local/lib/python3.7/site-packages/airflow/example_dags/example_trigger_controller_dag.py
[2022-06-26 07:14:11,612] {processor.py:651} INFO - DAG(s) dict_keys(['example_trigger_controller_dag']) retrieved from /home/airflow/.local/lib/python3.7/site-packages/airflow/example_dags/example_trigger_controller_dag.py
[2022-06-26 07:14:11,683] {logging_mixin.py:115} INFO - [2022-06-26 07:14:11,683] {dag.py:2379} INFO - Sync 1 DAGs
[2022-06-26 07:14:11,902] {logging_mixin.py:115} INFO - [2022-06-26 07:14:11,902] {dag.py:2927} INFO - Setting next_dagrun for example_trigger_controller_dag to 2021-01-01T00:00:00+00:00, run_after=2021-01-01T00:00:00+00:00
[2022-06-26 07:14:11,918] {processor.py:161} INFO - Processing /home/airflow/.local/lib/python3.7/site-packages/airflow/example_dags/example_trigger_controller_dag.py took 0.336 seconds
