[2022-06-26 07:12:45,735] {processor.py:153} INFO - Started process (PID=100) to work on /home/airflow/.local/lib/python3.7/site-packages/airflow/example_dags/example_short_circuit_operator.py
[2022-06-26 07:12:45,736] {processor.py:641} INFO - Processing file /home/airflow/.local/lib/python3.7/site-packages/airflow/example_dags/example_short_circuit_operator.py for tasks to queue
[2022-06-26 07:12:45,737] {logging_mixin.py:115} INFO - [2022-06-26 07:12:45,737] {dagbag.py:507} INFO - Filling up the DagBag from /home/airflow/.local/lib/python3.7/site-packages/airflow/example_dags/example_short_circuit_operator.py
[2022-06-26 07:12:45,855] {processor.py:651} INFO - DAG(s) dict_keys(['example_short_circuit_operator']) retrieved from /home/airflow/.local/lib/python3.7/site-packages/airflow/example_dags/example_short_circuit_operator.py
[2022-06-26 07:12:48,136] {logging_mixin.py:115} INFO - [2022-06-26 07:12:48,136] {manager.py:508} INFO - Created Permission View: can delete on DAG:example_short_circuit_operator
[2022-06-26 07:12:48,279] {logging_mixin.py:115} INFO - [2022-06-26 07:12:48,279] {manager.py:508} INFO - Created Permission View: can read on DAG:example_short_circuit_operator
[2022-06-26 07:12:48,415] {logging_mixin.py:115} INFO - [2022-06-26 07:12:48,415] {manager.py:508} INFO - Created Permission View: can edit on DAG:example_short_circuit_operator
[2022-06-26 07:12:48,416] {logging_mixin.py:115} INFO - [2022-06-26 07:12:48,416] {dag.py:2379} INFO - Sync 1 DAGs
[2022-06-26 07:12:48,540] {logging_mixin.py:115} INFO - [2022-06-26 07:12:48,539] {dag.py:2398} INFO - Creating ORM DAG for example_short_circuit_operator
[2022-06-26 07:12:48,657] {logging_mixin.py:115} INFO - [2022-06-26 07:12:48,656] {dag.py:2927} INFO - Setting next_dagrun for example_short_circuit_operator to 2022-06-25T07:12:48.656614+00:00, run_after=2022-06-26T07:12:48.656614+00:00
[2022-06-26 07:12:48,758] {processor.py:161} INFO - Processing /home/airflow/.local/lib/python3.7/site-packages/airflow/example_dags/example_short_circuit_operator.py took 3.039 seconds
[2022-06-26 07:13:33,114] {processor.py:153} INFO - Started process (PID=153) to work on /home/airflow/.local/lib/python3.7/site-packages/airflow/example_dags/example_short_circuit_operator.py
[2022-06-26 07:13:33,116] {processor.py:641} INFO - Processing file /home/airflow/.local/lib/python3.7/site-packages/airflow/example_dags/example_short_circuit_operator.py for tasks to queue
[2022-06-26 07:13:33,135] {logging_mixin.py:115} INFO - [2022-06-26 07:13:33,117] {dagbag.py:507} INFO - Filling up the DagBag from /home/airflow/.local/lib/python3.7/site-packages/airflow/example_dags/example_short_circuit_operator.py
[2022-06-26 07:13:33,199] {processor.py:651} INFO - DAG(s) dict_keys(['example_short_circuit_operator']) retrieved from /home/airflow/.local/lib/python3.7/site-packages/airflow/example_dags/example_short_circuit_operator.py
[2022-06-26 07:13:33,634] {logging_mixin.py:115} INFO - [2022-06-26 07:13:33,634] {dag.py:2379} INFO - Sync 1 DAGs
[2022-06-26 07:13:34,897] {logging_mixin.py:115} INFO - [2022-06-26 07:13:34,897] {dag.py:2927} INFO - Setting next_dagrun for example_short_circuit_operator to 2022-06-25T07:13:34.896847+00:00, run_after=2022-06-26T07:13:34.896847+00:00
[2022-06-26 07:13:35,041] {processor.py:161} INFO - Processing /home/airflow/.local/lib/python3.7/site-packages/airflow/example_dags/example_short_circuit_operator.py took 1.966 seconds
[2022-06-26 07:14:05,753] {processor.py:153} INFO - Started process (PID=206) to work on /home/airflow/.local/lib/python3.7/site-packages/airflow/example_dags/example_short_circuit_operator.py
[2022-06-26 07:14:05,754] {processor.py:641} INFO - Processing file /home/airflow/.local/lib/python3.7/site-packages/airflow/example_dags/example_short_circuit_operator.py for tasks to queue
[2022-06-26 07:14:05,755] {logging_mixin.py:115} INFO - [2022-06-26 07:14:05,755] {dagbag.py:507} INFO - Filling up the DagBag from /home/airflow/.local/lib/python3.7/site-packages/airflow/example_dags/example_short_circuit_operator.py
[2022-06-26 07:14:05,770] {processor.py:651} INFO - DAG(s) dict_keys(['example_short_circuit_operator']) retrieved from /home/airflow/.local/lib/python3.7/site-packages/airflow/example_dags/example_short_circuit_operator.py
[2022-06-26 07:14:05,826] {logging_mixin.py:115} INFO - [2022-06-26 07:14:05,826] {dag.py:2379} INFO - Sync 1 DAGs
[2022-06-26 07:14:06,029] {logging_mixin.py:115} INFO - [2022-06-26 07:14:06,028] {dag.py:2927} INFO - Setting next_dagrun for example_short_circuit_operator to 2022-06-25T07:14:06.028717+00:00, run_after=2022-06-26T07:14:06.028717+00:00
[2022-06-26 07:14:06,053] {processor.py:161} INFO - Processing /home/airflow/.local/lib/python3.7/site-packages/airflow/example_dags/example_short_circuit_operator.py took 0.306 seconds
