[2022-06-26 07:12:39,739] {processor.py:153} INFO - Started process (PID=83) to work on /home/airflow/.local/lib/python3.7/site-packages/airflow/example_dags/example_branch_labels.py
[2022-06-26 07:12:39,741] {processor.py:641} INFO - Processing file /home/airflow/.local/lib/python3.7/site-packages/airflow/example_dags/example_branch_labels.py for tasks to queue
[2022-06-26 07:12:39,742] {logging_mixin.py:115} INFO - [2022-06-26 07:12:39,742] {dagbag.py:507} INFO - Filling up the DagBag from /home/airflow/.local/lib/python3.7/site-packages/airflow/example_dags/example_branch_labels.py
[2022-06-26 07:12:39,779] {processor.py:651} INFO - DAG(s) dict_keys(['example_branch_labels']) retrieved from /home/airflow/.local/lib/python3.7/site-packages/airflow/example_dags/example_branch_labels.py
[2022-06-26 07:12:40,937] {logging_mixin.py:115} INFO - [2022-06-26 07:12:40,937] {manager.py:508} INFO - Created Permission View: can delete on DAG:example_branch_labels
[2022-06-26 07:12:41,075] {logging_mixin.py:115} INFO - [2022-06-26 07:12:41,074] {manager.py:508} INFO - Created Permission View: can read on DAG:example_branch_labels
[2022-06-26 07:12:41,154] {logging_mixin.py:115} INFO - [2022-06-26 07:12:41,154] {manager.py:508} INFO - Created Permission View: can edit on DAG:example_branch_labels
[2022-06-26 07:12:41,154] {logging_mixin.py:115} INFO - [2022-06-26 07:12:41,154] {dag.py:2379} INFO - Sync 1 DAGs
[2022-06-26 07:12:41,219] {logging_mixin.py:115} INFO - [2022-06-26 07:12:41,219] {dag.py:2398} INFO - Creating ORM DAG for example_branch_labels
[2022-06-26 07:12:41,336] {logging_mixin.py:115} INFO - [2022-06-26 07:12:41,336] {dag.py:2927} INFO - Setting next_dagrun for example_branch_labels to 2022-06-25T00:00:00+00:00, run_after=2022-06-26T00:00:00+00:00
[2022-06-26 07:12:41,476] {processor.py:161} INFO - Processing /home/airflow/.local/lib/python3.7/site-packages/airflow/example_dags/example_branch_labels.py took 1.756 seconds
[2022-06-26 07:13:23,956] {processor.py:153} INFO - Started process (PID=136) to work on /home/airflow/.local/lib/python3.7/site-packages/airflow/example_dags/example_branch_labels.py
[2022-06-26 07:13:23,958] {processor.py:641} INFO - Processing file /home/airflow/.local/lib/python3.7/site-packages/airflow/example_dags/example_branch_labels.py for tasks to queue
[2022-06-26 07:13:23,960] {logging_mixin.py:115} INFO - [2022-06-26 07:13:23,960] {dagbag.py:507} INFO - Filling up the DagBag from /home/airflow/.local/lib/python3.7/site-packages/airflow/example_dags/example_branch_labels.py
[2022-06-26 07:13:24,020] {processor.py:651} INFO - DAG(s) dict_keys(['example_branch_labels']) retrieved from /home/airflow/.local/lib/python3.7/site-packages/airflow/example_dags/example_branch_labels.py
[2022-06-26 07:13:24,436] {logging_mixin.py:115} INFO - [2022-06-26 07:13:24,435] {dag.py:2379} INFO - Sync 1 DAGs
[2022-06-26 07:13:26,120] {logging_mixin.py:115} INFO - [2022-06-26 07:13:26,120] {dag.py:2927} INFO - Setting next_dagrun for example_branch_labels to 2022-06-25T00:00:00+00:00, run_after=2022-06-26T00:00:00+00:00
[2022-06-26 07:13:26,415] {processor.py:161} INFO - Processing /home/airflow/.local/lib/python3.7/site-packages/airflow/example_dags/example_branch_labels.py took 2.516 seconds
[2022-06-26 07:13:56,786] {processor.py:153} INFO - Started process (PID=189) to work on /home/airflow/.local/lib/python3.7/site-packages/airflow/example_dags/example_branch_labels.py
[2022-06-26 07:13:56,788] {processor.py:641} INFO - Processing file /home/airflow/.local/lib/python3.7/site-packages/airflow/example_dags/example_branch_labels.py for tasks to queue
[2022-06-26 07:13:56,789] {logging_mixin.py:115} INFO - [2022-06-26 07:13:56,789] {dagbag.py:507} INFO - Filling up the DagBag from /home/airflow/.local/lib/python3.7/site-packages/airflow/example_dags/example_branch_labels.py
[2022-06-26 07:13:56,799] {processor.py:651} INFO - DAG(s) dict_keys(['example_branch_labels']) retrieved from /home/airflow/.local/lib/python3.7/site-packages/airflow/example_dags/example_branch_labels.py
[2022-06-26 07:13:56,874] {logging_mixin.py:115} INFO - [2022-06-26 07:13:56,874] {dag.py:2379} INFO - Sync 1 DAGs
[2022-06-26 07:13:57,068] {logging_mixin.py:115} INFO - [2022-06-26 07:13:57,067] {dag.py:2927} INFO - Setting next_dagrun for example_branch_labels to 2022-06-25T00:00:00+00:00, run_after=2022-06-26T00:00:00+00:00
[2022-06-26 07:13:57,081] {processor.py:161} INFO - Processing /home/airflow/.local/lib/python3.7/site-packages/airflow/example_dags/example_branch_labels.py took 0.302 seconds
