[2022-06-26 07:12:48,936] {processor.py:153} INFO - Started process (PID=102) to work on /home/airflow/.local/lib/python3.7/site-packages/airflow/example_dags/example_dag_decorator.py
[2022-06-26 07:12:48,942] {processor.py:641} INFO - Processing file /home/airflow/.local/lib/python3.7/site-packages/airflow/example_dags/example_dag_decorator.py for tasks to queue
[2022-06-26 07:12:48,943] {logging_mixin.py:115} INFO - [2022-06-26 07:12:48,943] {dagbag.py:507} INFO - Filling up the DagBag from /home/airflow/.local/lib/python3.7/site-packages/airflow/example_dags/example_dag_decorator.py
[2022-06-26 07:12:49,215] {processor.py:651} INFO - DAG(s) dict_keys(['example_dag_decorator']) retrieved from /home/airflow/.local/lib/python3.7/site-packages/airflow/example_dags/example_dag_decorator.py
[2022-06-26 07:12:51,322] {logging_mixin.py:115} INFO - [2022-06-26 07:12:51,322] {manager.py:508} INFO - Created Permission View: can delete on DAG:example_dag_decorator
[2022-06-26 07:12:51,495] {logging_mixin.py:115} INFO - [2022-06-26 07:12:51,495] {manager.py:508} INFO - Created Permission View: can read on DAG:example_dag_decorator
[2022-06-26 07:12:51,599] {logging_mixin.py:115} INFO - [2022-06-26 07:12:51,599] {manager.py:508} INFO - Created Permission View: can edit on DAG:example_dag_decorator
[2022-06-26 07:12:51,614] {logging_mixin.py:115} INFO - [2022-06-26 07:12:51,614] {dag.py:2379} INFO - Sync 1 DAGs
[2022-06-26 07:12:51,697] {logging_mixin.py:115} INFO - [2022-06-26 07:12:51,697] {dag.py:2398} INFO - Creating ORM DAG for example_dag_decorator
[2022-06-26 07:12:51,798] {logging_mixin.py:115} INFO - [2022-06-26 07:12:51,798] {dag.py:2927} INFO - Setting next_dagrun for example_dag_decorator to None, run_after=None
[2022-06-26 07:12:51,861] {processor.py:161} INFO - Processing /home/airflow/.local/lib/python3.7/site-packages/airflow/example_dags/example_dag_decorator.py took 2.942 seconds
[2022-06-26 07:13:35,274] {processor.py:153} INFO - Started process (PID=155) to work on /home/airflow/.local/lib/python3.7/site-packages/airflow/example_dags/example_dag_decorator.py
[2022-06-26 07:13:35,283] {processor.py:641} INFO - Processing file /home/airflow/.local/lib/python3.7/site-packages/airflow/example_dags/example_dag_decorator.py for tasks to queue
[2022-06-26 07:13:35,285] {logging_mixin.py:115} INFO - [2022-06-26 07:13:35,285] {dagbag.py:507} INFO - Filling up the DagBag from /home/airflow/.local/lib/python3.7/site-packages/airflow/example_dags/example_dag_decorator.py
[2022-06-26 07:13:35,457] {processor.py:651} INFO - DAG(s) dict_keys(['example_dag_decorator']) retrieved from /home/airflow/.local/lib/python3.7/site-packages/airflow/example_dags/example_dag_decorator.py
[2022-06-26 07:13:36,639] {logging_mixin.py:115} INFO - [2022-06-26 07:13:36,638] {dag.py:2379} INFO - Sync 1 DAGs
[2022-06-26 07:13:36,715] {logging_mixin.py:115} INFO - [2022-06-26 07:13:36,715] {dag.py:2927} INFO - Setting next_dagrun for example_dag_decorator to None, run_after=None
[2022-06-26 07:13:36,779] {processor.py:161} INFO - Processing /home/airflow/.local/lib/python3.7/site-packages/airflow/example_dags/example_dag_decorator.py took 1.544 seconds
[2022-06-26 07:14:07,093] {processor.py:153} INFO - Started process (PID=208) to work on /home/airflow/.local/lib/python3.7/site-packages/airflow/example_dags/example_dag_decorator.py
[2022-06-26 07:14:07,094] {processor.py:641} INFO - Processing file /home/airflow/.local/lib/python3.7/site-packages/airflow/example_dags/example_dag_decorator.py for tasks to queue
[2022-06-26 07:14:07,095] {logging_mixin.py:115} INFO - [2022-06-26 07:14:07,095] {dagbag.py:507} INFO - Filling up the DagBag from /home/airflow/.local/lib/python3.7/site-packages/airflow/example_dags/example_dag_decorator.py
[2022-06-26 07:14:07,123] {processor.py:651} INFO - DAG(s) dict_keys(['example_dag_decorator']) retrieved from /home/airflow/.local/lib/python3.7/site-packages/airflow/example_dags/example_dag_decorator.py
[2022-06-26 07:14:07,376] {logging_mixin.py:115} INFO - [2022-06-26 07:14:07,376] {dag.py:2379} INFO - Sync 1 DAGs
[2022-06-26 07:14:07,402] {logging_mixin.py:115} INFO - [2022-06-26 07:14:07,401] {dag.py:2927} INFO - Setting next_dagrun for example_dag_decorator to None, run_after=None
[2022-06-26 07:14:07,460] {processor.py:161} INFO - Processing /home/airflow/.local/lib/python3.7/site-packages/airflow/example_dags/example_dag_decorator.py took 0.372 seconds
