[2022-06-26 07:12:32,995] {processor.py:153} INFO - Started process (PID=77) to work on /home/airflow/.local/lib/python3.7/site-packages/airflow/example_dags/example_branch_python_dop_operator_3.py
[2022-06-26 07:12:32,996] {processor.py:641} INFO - Processing file /home/airflow/.local/lib/python3.7/site-packages/airflow/example_dags/example_branch_python_dop_operator_3.py for tasks to queue
[2022-06-26 07:12:32,998] {logging_mixin.py:115} INFO - [2022-06-26 07:12:32,998] {dagbag.py:507} INFO - Filling up the DagBag from /home/airflow/.local/lib/python3.7/site-packages/airflow/example_dags/example_branch_python_dop_operator_3.py
[2022-06-26 07:12:33,045] {processor.py:651} INFO - DAG(s) dict_keys(['example_branch_dop_operator_v3']) retrieved from /home/airflow/.local/lib/python3.7/site-packages/airflow/example_dags/example_branch_python_dop_operator_3.py
[2022-06-26 07:12:34,679] {logging_mixin.py:115} INFO - [2022-06-26 07:12:34,679] {manager.py:508} INFO - Created Permission View: can delete on DAG:example_branch_dop_operator_v3
[2022-06-26 07:12:34,895] {logging_mixin.py:115} INFO - [2022-06-26 07:12:34,895] {manager.py:508} INFO - Created Permission View: can read on DAG:example_branch_dop_operator_v3
[2022-06-26 07:12:34,996] {logging_mixin.py:115} INFO - [2022-06-26 07:12:34,996] {manager.py:508} INFO - Created Permission View: can edit on DAG:example_branch_dop_operator_v3
[2022-06-26 07:12:34,997] {logging_mixin.py:115} INFO - [2022-06-26 07:12:34,996] {dag.py:2379} INFO - Sync 1 DAGs
[2022-06-26 07:12:35,134] {logging_mixin.py:115} INFO - [2022-06-26 07:12:35,134] {dag.py:2398} INFO - Creating ORM DAG for example_branch_dop_operator_v3
[2022-06-26 07:12:35,316] {logging_mixin.py:115} INFO - [2022-06-26 07:12:35,316] {dag.py:2927} INFO - Setting next_dagrun for example_branch_dop_operator_v3 to 2022-06-26T07:11:00+00:00, run_after=2022-06-26T07:12:00+00:00
[2022-06-26 07:12:35,477] {processor.py:161} INFO - Processing /home/airflow/.local/lib/python3.7/site-packages/airflow/example_dags/example_branch_python_dop_operator_3.py took 2.499 seconds
[2022-06-26 07:13:15,774] {processor.py:153} INFO - Started process (PID=130) to work on /home/airflow/.local/lib/python3.7/site-packages/airflow/example_dags/example_branch_python_dop_operator_3.py
[2022-06-26 07:13:15,775] {processor.py:641} INFO - Processing file /home/airflow/.local/lib/python3.7/site-packages/airflow/example_dags/example_branch_python_dop_operator_3.py for tasks to queue
[2022-06-26 07:13:15,776] {logging_mixin.py:115} INFO - [2022-06-26 07:13:15,775] {dagbag.py:507} INFO - Filling up the DagBag from /home/airflow/.local/lib/python3.7/site-packages/airflow/example_dags/example_branch_python_dop_operator_3.py
[2022-06-26 07:13:15,875] {processor.py:651} INFO - DAG(s) dict_keys(['example_branch_dop_operator_v3']) retrieved from /home/airflow/.local/lib/python3.7/site-packages/airflow/example_dags/example_branch_python_dop_operator_3.py
[2022-06-26 07:13:16,580] {logging_mixin.py:115} INFO - [2022-06-26 07:13:16,580] {dag.py:2379} INFO - Sync 1 DAGs
[2022-06-26 07:13:18,157] {logging_mixin.py:115} INFO - [2022-06-26 07:13:18,157] {dag.py:2927} INFO - Setting next_dagrun for example_branch_dop_operator_v3 to 2022-06-26T07:12:00+00:00, run_after=2022-06-26T07:13:00+00:00
[2022-06-26 07:13:18,434] {processor.py:161} INFO - Processing /home/airflow/.local/lib/python3.7/site-packages/airflow/example_dags/example_branch_python_dop_operator_3.py took 2.696 seconds
[2022-06-26 07:13:49,006] {processor.py:153} INFO - Started process (PID=183) to work on /home/airflow/.local/lib/python3.7/site-packages/airflow/example_dags/example_branch_python_dop_operator_3.py
[2022-06-26 07:13:49,007] {processor.py:641} INFO - Processing file /home/airflow/.local/lib/python3.7/site-packages/airflow/example_dags/example_branch_python_dop_operator_3.py for tasks to queue
[2022-06-26 07:13:49,008] {logging_mixin.py:115} INFO - [2022-06-26 07:13:49,008] {dagbag.py:507} INFO - Filling up the DagBag from /home/airflow/.local/lib/python3.7/site-packages/airflow/example_dags/example_branch_python_dop_operator_3.py
[2022-06-26 07:13:49,026] {processor.py:651} INFO - DAG(s) dict_keys(['example_branch_dop_operator_v3']) retrieved from /home/airflow/.local/lib/python3.7/site-packages/airflow/example_dags/example_branch_python_dop_operator_3.py
[2022-06-26 07:13:49,091] {logging_mixin.py:115} INFO - [2022-06-26 07:13:49,090] {dag.py:2379} INFO - Sync 1 DAGs
[2022-06-26 07:13:49,320] {logging_mixin.py:115} INFO - [2022-06-26 07:13:49,320] {dag.py:2927} INFO - Setting next_dagrun for example_branch_dop_operator_v3 to 2022-06-26T07:12:00+00:00, run_after=2022-06-26T07:13:00+00:00
[2022-06-26 07:13:49,355] {processor.py:161} INFO - Processing /home/airflow/.local/lib/python3.7/site-packages/airflow/example_dags/example_branch_python_dop_operator_3.py took 0.353 seconds
