[2022-06-26 07:12:30,560] {processor.py:153} INFO - Started process (PID=76) to work on /home/airflow/.local/lib/python3.7/site-packages/airflow/example_dags/tutorial_taskflow_api_etl.py
[2022-06-26 07:12:30,561] {processor.py:641} INFO - Processing file /home/airflow/.local/lib/python3.7/site-packages/airflow/example_dags/tutorial_taskflow_api_etl.py for tasks to queue
[2022-06-26 07:12:30,594] {logging_mixin.py:115} INFO - [2022-06-26 07:12:30,594] {dagbag.py:507} INFO - Filling up the DagBag from /home/airflow/.local/lib/python3.7/site-packages/airflow/example_dags/tutorial_taskflow_api_etl.py
[2022-06-26 07:12:30,795] {processor.py:651} INFO - DAG(s) dict_keys(['tutorial_taskflow_api_etl']) retrieved from /home/airflow/.local/lib/python3.7/site-packages/airflow/example_dags/tutorial_taskflow_api_etl.py
[2022-06-26 07:12:32,521] {logging_mixin.py:115} INFO - [2022-06-26 07:12:32,521] {manager.py:508} INFO - Created Permission View: can delete on DAG:tutorial_taskflow_api_etl
[2022-06-26 07:12:32,576] {logging_mixin.py:115} INFO - [2022-06-26 07:12:32,575] {manager.py:508} INFO - Created Permission View: can read on DAG:tutorial_taskflow_api_etl
[2022-06-26 07:12:32,596] {logging_mixin.py:115} INFO - [2022-06-26 07:12:32,596] {manager.py:508} INFO - Created Permission View: can edit on DAG:tutorial_taskflow_api_etl
[2022-06-26 07:12:32,596] {logging_mixin.py:115} INFO - [2022-06-26 07:12:32,596] {dag.py:2379} INFO - Sync 1 DAGs
[2022-06-26 07:12:32,657] {logging_mixin.py:115} INFO - [2022-06-26 07:12:32,657] {dag.py:2398} INFO - Creating ORM DAG for tutorial_taskflow_api_etl
[2022-06-26 07:12:32,738] {logging_mixin.py:115} INFO - [2022-06-26 07:12:32,737] {dag.py:2927} INFO - Setting next_dagrun for tutorial_taskflow_api_etl to None, run_after=None
[2022-06-26 07:12:32,833] {processor.py:161} INFO - Processing /home/airflow/.local/lib/python3.7/site-packages/airflow/example_dags/tutorial_taskflow_api_etl.py took 2.265 seconds
[2022-06-26 07:13:13,795] {processor.py:153} INFO - Started process (PID=129) to work on /home/airflow/.local/lib/python3.7/site-packages/airflow/example_dags/tutorial_taskflow_api_etl.py
[2022-06-26 07:13:13,814] {processor.py:641} INFO - Processing file /home/airflow/.local/lib/python3.7/site-packages/airflow/example_dags/tutorial_taskflow_api_etl.py for tasks to queue
[2022-06-26 07:13:13,816] {logging_mixin.py:115} INFO - [2022-06-26 07:13:13,815] {dagbag.py:507} INFO - Filling up the DagBag from /home/airflow/.local/lib/python3.7/site-packages/airflow/example_dags/tutorial_taskflow_api_etl.py
[2022-06-26 07:13:14,038] {processor.py:651} INFO - DAG(s) dict_keys(['tutorial_taskflow_api_etl']) retrieved from /home/airflow/.local/lib/python3.7/site-packages/airflow/example_dags/tutorial_taskflow_api_etl.py
[2022-06-26 07:13:15,939] {logging_mixin.py:115} INFO - [2022-06-26 07:13:15,939] {dag.py:2379} INFO - Sync 1 DAGs
[2022-06-26 07:13:16,197] {logging_mixin.py:115} INFO - [2022-06-26 07:13:16,197] {dag.py:2927} INFO - Setting next_dagrun for tutorial_taskflow_api_etl to None, run_after=None
[2022-06-26 07:13:16,297] {processor.py:161} INFO - Processing /home/airflow/.local/lib/python3.7/site-packages/airflow/example_dags/tutorial_taskflow_api_etl.py took 2.539 seconds
[2022-06-26 07:13:46,939] {processor.py:153} INFO - Started process (PID=182) to work on /home/airflow/.local/lib/python3.7/site-packages/airflow/example_dags/tutorial_taskflow_api_etl.py
[2022-06-26 07:13:46,940] {processor.py:641} INFO - Processing file /home/airflow/.local/lib/python3.7/site-packages/airflow/example_dags/tutorial_taskflow_api_etl.py for tasks to queue
[2022-06-26 07:13:46,941] {logging_mixin.py:115} INFO - [2022-06-26 07:13:46,941] {dagbag.py:507} INFO - Filling up the DagBag from /home/airflow/.local/lib/python3.7/site-packages/airflow/example_dags/tutorial_taskflow_api_etl.py
[2022-06-26 07:13:47,033] {processor.py:651} INFO - DAG(s) dict_keys(['tutorial_taskflow_api_etl']) retrieved from /home/airflow/.local/lib/python3.7/site-packages/airflow/example_dags/tutorial_taskflow_api_etl.py
[2022-06-26 07:13:47,797] {logging_mixin.py:115} INFO - [2022-06-26 07:13:47,797] {dag.py:2379} INFO - Sync 1 DAGs
[2022-06-26 07:13:47,901] {logging_mixin.py:115} INFO - [2022-06-26 07:13:47,901] {dag.py:2927} INFO - Setting next_dagrun for tutorial_taskflow_api_etl to None, run_after=None
[2022-06-26 07:13:47,922] {processor.py:161} INFO - Processing /home/airflow/.local/lib/python3.7/site-packages/airflow/example_dags/tutorial_taskflow_api_etl.py took 0.987 seconds
[2022-06-26 07:14:18,339] {processor.py:153} INFO - Started process (PID=236) to work on /home/airflow/.local/lib/python3.7/site-packages/airflow/example_dags/tutorial_taskflow_api_etl.py
[2022-06-26 07:14:18,340] {processor.py:641} INFO - Processing file /home/airflow/.local/lib/python3.7/site-packages/airflow/example_dags/tutorial_taskflow_api_etl.py for tasks to queue
[2022-06-26 07:14:18,341] {logging_mixin.py:115} INFO - [2022-06-26 07:14:18,341] {dagbag.py:507} INFO - Filling up the DagBag from /home/airflow/.local/lib/python3.7/site-packages/airflow/example_dags/tutorial_taskflow_api_etl.py
[2022-06-26 07:14:18,378] {processor.py:651} INFO - DAG(s) dict_keys(['tutorial_taskflow_api_etl']) retrieved from /home/airflow/.local/lib/python3.7/site-packages/airflow/example_dags/tutorial_taskflow_api_etl.py
[2022-06-26 07:14:23,668] {logging_mixin.py:115} INFO - [2022-06-26 07:14:23,668] {process_utils.py:240} INFO - Waiting up to 5 seconds for processes to exit...
