[2022-06-26 07:13:02,501] {processor.py:153} INFO - Started process (PID=111) to work on /home/airflow/.local/lib/python3.7/site-packages/airflow/example_dags/tutorial_taskflow_api_etl_virtualenv.py
[2022-06-26 07:13:02,514] {processor.py:641} INFO - Processing file /home/airflow/.local/lib/python3.7/site-packages/airflow/example_dags/tutorial_taskflow_api_etl_virtualenv.py for tasks to queue
[2022-06-26 07:13:02,514] {logging_mixin.py:115} INFO - [2022-06-26 07:13:02,514] {dagbag.py:507} INFO - Filling up the DagBag from /home/airflow/.local/lib/python3.7/site-packages/airflow/example_dags/tutorial_taskflow_api_etl_virtualenv.py
[2022-06-26 07:13:02,618] {processor.py:651} INFO - DAG(s) dict_keys(['tutorial_taskflow_api_etl_virtualenv']) retrieved from /home/airflow/.local/lib/python3.7/site-packages/airflow/example_dags/tutorial_taskflow_api_etl_virtualenv.py
[2022-06-26 07:13:04,141] {logging_mixin.py:115} INFO - [2022-06-26 07:13:04,141] {manager.py:508} INFO - Created Permission View: can delete on DAG:tutorial_taskflow_api_etl_virtualenv
[2022-06-26 07:13:04,378] {logging_mixin.py:115} INFO - [2022-06-26 07:13:04,378] {manager.py:508} INFO - Created Permission View: can read on DAG:tutorial_taskflow_api_etl_virtualenv
[2022-06-26 07:13:04,461] {logging_mixin.py:115} INFO - [2022-06-26 07:13:04,460] {manager.py:508} INFO - Created Permission View: can edit on DAG:tutorial_taskflow_api_etl_virtualenv
[2022-06-26 07:13:04,473] {logging_mixin.py:115} INFO - [2022-06-26 07:13:04,461] {dag.py:2379} INFO - Sync 1 DAGs
[2022-06-26 07:13:04,546] {logging_mixin.py:115} INFO - [2022-06-26 07:13:04,546] {dag.py:2398} INFO - Creating ORM DAG for tutorial_taskflow_api_etl_virtualenv
[2022-06-26 07:13:04,601] {logging_mixin.py:115} INFO - [2022-06-26 07:13:04,601] {dag.py:2927} INFO - Setting next_dagrun for tutorial_taskflow_api_etl_virtualenv to None, run_after=None
[2022-06-26 07:13:04,699] {processor.py:161} INFO - Processing /home/airflow/.local/lib/python3.7/site-packages/airflow/example_dags/tutorial_taskflow_api_etl_virtualenv.py took 2.203 seconds
[2022-06-26 07:13:40,302] {processor.py:153} INFO - Started process (PID=164) to work on /home/airflow/.local/lib/python3.7/site-packages/airflow/example_dags/tutorial_taskflow_api_etl_virtualenv.py
[2022-06-26 07:13:40,305] {processor.py:641} INFO - Processing file /home/airflow/.local/lib/python3.7/site-packages/airflow/example_dags/tutorial_taskflow_api_etl_virtualenv.py for tasks to queue
[2022-06-26 07:13:40,307] {logging_mixin.py:115} INFO - [2022-06-26 07:13:40,307] {dagbag.py:507} INFO - Filling up the DagBag from /home/airflow/.local/lib/python3.7/site-packages/airflow/example_dags/tutorial_taskflow_api_etl_virtualenv.py
[2022-06-26 07:13:40,337] {processor.py:651} INFO - DAG(s) dict_keys(['tutorial_taskflow_api_etl_virtualenv']) retrieved from /home/airflow/.local/lib/python3.7/site-packages/airflow/example_dags/tutorial_taskflow_api_etl_virtualenv.py
[2022-06-26 07:13:40,633] {logging_mixin.py:115} INFO - [2022-06-26 07:13:40,633] {dag.py:2379} INFO - Sync 1 DAGs
[2022-06-26 07:13:40,663] {logging_mixin.py:115} INFO - [2022-06-26 07:13:40,662] {dag.py:2927} INFO - Setting next_dagrun for tutorial_taskflow_api_etl_virtualenv to None, run_after=None
[2022-06-26 07:13:40,680] {processor.py:161} INFO - Processing /home/airflow/.local/lib/python3.7/site-packages/airflow/example_dags/tutorial_taskflow_api_etl_virtualenv.py took 0.390 seconds
[2022-06-26 07:14:13,280] {processor.py:153} INFO - Started process (PID=227) to work on /home/airflow/.local/lib/python3.7/site-packages/airflow/example_dags/tutorial_taskflow_api_etl_virtualenv.py
[2022-06-26 07:14:13,282] {processor.py:641} INFO - Processing file /home/airflow/.local/lib/python3.7/site-packages/airflow/example_dags/tutorial_taskflow_api_etl_virtualenv.py for tasks to queue
[2022-06-26 07:14:13,282] {logging_mixin.py:115} INFO - [2022-06-26 07:14:13,282] {dagbag.py:507} INFO - Filling up the DagBag from /home/airflow/.local/lib/python3.7/site-packages/airflow/example_dags/tutorial_taskflow_api_etl_virtualenv.py
[2022-06-26 07:14:13,311] {processor.py:651} INFO - DAG(s) dict_keys(['tutorial_taskflow_api_etl_virtualenv']) retrieved from /home/airflow/.local/lib/python3.7/site-packages/airflow/example_dags/tutorial_taskflow_api_etl_virtualenv.py
[2022-06-26 07:14:13,939] {logging_mixin.py:115} INFO - [2022-06-26 07:14:13,939] {dag.py:2379} INFO - Sync 1 DAGs
[2022-06-26 07:14:14,000] {logging_mixin.py:115} INFO - [2022-06-26 07:14:14,000] {dag.py:2927} INFO - Setting next_dagrun for tutorial_taskflow_api_etl_virtualenv to None, run_after=None
[2022-06-26 07:14:14,024] {processor.py:161} INFO - Processing /home/airflow/.local/lib/python3.7/site-packages/airflow/example_dags/tutorial_taskflow_api_etl_virtualenv.py took 0.748 seconds
